2022-03-28 17:54:12,096 DEBUG [main] StandardServletEnvironment: Adding [servletConfigInitParams] PropertySource with lowest search precedence
2022-03-28 17:54:12,099 DEBUG [main] StandardServletEnvironment: Adding [servletContextInitParams] PropertySource with lowest search precedence
2022-03-28 17:54:12,099 DEBUG [main] StandardServletEnvironment: Adding [systemProperties] PropertySource with lowest search precedence
2022-03-28 17:54:12,099 DEBUG [main] StandardServletEnvironment: Adding [systemEnvironment] PropertySource with lowest search precedence
2022-03-28 17:54:12,099 DEBUG [main] StandardServletEnvironment: Initialized StandardServletEnvironment with PropertySources [servletConfigInitParams,servletContextInitParams,systemProperties,systemEnvironment]
2022-03-28 17:54:12,177 INFO  [main] ApiApplication: Starting ApiApplication on MTLP-1569 with PID 21052 (started by rajithas in D:\Client_Portal_Workspace\Client-Portal-API Production\Client-Portal-API Production\client-portal-api)
2022-03-28 17:54:12,179 DEBUG [main] ApiApplication: Running with Spring Boot v1.4.2.RELEASE, Spring v4.3.4.RELEASE
2022-03-28 17:54:12,179 INFO  [main] ApiApplication: The following profiles are active: dev
2022-03-28 17:54:13,851 DEBUG [main] StandardServletEnvironment: Adding [class path resource [application.properties]] PropertySource with lowest search precedence
2022-03-28 17:54:13,862 INFO  [background-preinit] Version: HV000001: Hibernate Validator 5.2.4.Final
2022-03-28 17:54:15,959 DEBUG [main] RepositoryComponentProvider: Identified candidate component class: file [D:\Client_Portal_Workspace\Client-Portal-API Production\Client-Portal-API Production\client-portal-persistence\target\classes\com\cp\persistence\repository\BrandRepository.class]
2022-03-28 17:54:15,961 DEBUG [main] RepositoryComponentProvider: Identified candidate component class: file [D:\Client_Portal_Workspace\Client-Portal-API Production\Client-Portal-API Production\client-portal-persistence\target\classes\com\cp\persistence\repository\BurdenInfoRepository.class]
2022-03-28 17:54:15,962 DEBUG [main] RepositoryComponentProvider: Identified candidate component class: file [D:\Client_Portal_Workspace\Client-Portal-API Production\Client-Portal-API Production\client-portal-persistence\target\classes\com\cp\persistence\repository\BurdensRepository.class]
2022-03-28 17:54:15,963 DEBUG [main] RepositoryComponentProvider: Identified candidate component class: file [D:\Client_Portal_Workspace\Client-Portal-API Production\Client-Portal-API Production\client-portal-persistence\target\classes\com\cp\persistence\repository\CommonBurdenRepository.class]
2022-03-28 17:54:15,964 DEBUG [main] RepositoryComponentProvider: Identified candidate component class: file [D:\Client_Portal_Workspace\Client-Portal-API Production\Client-Portal-API Production\client-portal-persistence\target\classes\com\cp\persistence\repository\ContactTypesRepository.class]
2022-03-28 17:54:15,965 DEBUG [main] RepositoryComponentProvider: Identified candidate component class: file [D:\Client_Portal_Workspace\Client-Portal-API Production\Client-Portal-API Production\client-portal-persistence\target\classes\com\cp\persistence\repository\CpTenderTypesRepository.class]
2022-03-28 17:54:15,966 DEBUG [main] RepositoryComponentProvider: Identified candidate component class: file [D:\Client_Portal_Workspace\Client-Portal-API Production\Client-Portal-API Production\client-portal-persistence\target\classes\com\cp\persistence\repository\DashBoardCategoryRepository.class]
2022-03-28 17:54:15,968 DEBUG [main] RepositoryComponentProvider: Identified candidate component class: file [D:\Client_Portal_Workspace\Client-Portal-API Production\Client-Portal-API Production\client-portal-persistence\target\classes\com\cp\persistence\repository\DashBoardClientRepository.class]
2022-03-28 17:54:15,969 DEBUG [main] RepositoryComponentProvider: Identified candidate component class: file [D:\Client_Portal_Workspace\Client-Portal-API Production\Client-Portal-API Production\client-portal-persistence\target\classes\com\cp\persistence\repository\DashBoardDataSourceRepository.class]
2022-03-28 17:54:15,970 DEBUG [main] RepositoryComponentProvider: Identified candidate component class: file [D:\Client_Portal_Workspace\Client-Portal-API Production\Client-Portal-API Production\client-portal-persistence\target\classes\com\cp\persistence\repository\DashBoardRepository.class]
2022-03-28 17:54:15,971 DEBUG [main] RepositoryComponentProvider: Identified candidate component class: file [D:\Client_Portal_Workspace\Client-Portal-API Production\Client-Portal-API Production\client-portal-persistence\target\classes\com\cp\persistence\repository\DashBoardWidgetRepository.class]
2022-03-28 17:54:15,972 DEBUG [main] RepositoryComponentProvider: Identified candidate component class: file [D:\Client_Portal_Workspace\Client-Portal-API Production\Client-Portal-API Production\client-portal-persistence\target\classes\com\cp\persistence\repository\DesignationRepository.class]
2022-03-28 17:54:15,973 DEBUG [main] RepositoryComponentProvider: Identified candidate component class: file [D:\Client_Portal_Workspace\Client-Portal-API Production\Client-Portal-API Production\client-portal-persistence\target\classes\com\cp\persistence\repository\DistributionListRepository.class]
2022-03-28 17:54:15,974 DEBUG [main] RepositoryComponentProvider: Identified candidate component class: file [D:\Client_Portal_Workspace\Client-Portal-API Production\Client-Portal-API Production\client-portal-persistence\target\classes\com\cp\persistence\repository\ExecutiveSummaryRepository.class]
2022-03-28 17:54:15,975 DEBUG [main] RepositoryComponentProvider: Identified candidate component class: file [D:\Client_Portal_Workspace\Client-Portal-API Production\Client-Portal-API Production\client-portal-persistence\target\classes\com\cp\persistence\repository\FileInfoRepository.class]
2022-03-28 17:54:15,976 DEBUG [main] RepositoryComponentProvider: Identified candidate component class: file [D:\Client_Portal_Workspace\Client-Portal-API Production\Client-Portal-API Production\client-portal-persistence\target\classes\com\cp\persistence\repository\GLCodesRepository.class]
2022-03-28 17:54:15,977 DEBUG [main] RepositoryComponentProvider: Identified candidate component class: file [D:\Client_Portal_Workspace\Client-Portal-API Production\Client-Portal-API Production\client-portal-persistence\target\classes\com\cp\persistence\repository\LocationContactRepository.class]
2022-03-28 17:54:15,977 DEBUG [main] RepositoryComponentProvider: Identified candidate component class: file [D:\Client_Portal_Workspace\Client-Portal-API Production\Client-Portal-API Production\client-portal-persistence\target\classes\com\cp\persistence\repository\LocationMoreInfoRepository.class]
2022-03-28 17:54:15,982 DEBUG [main] RepositoryComponentProvider: Identified candidate component class: file [D:\Client_Portal_Workspace\Client-Portal-API Production\Client-Portal-API Production\client-portal-persistence\target\classes\com\cp\persistence\repository\LocationNotesRepository.class]
2022-03-28 17:54:15,984 DEBUG [main] RepositoryComponentProvider: Identified candidate component class: file [D:\Client_Portal_Workspace\Client-Portal-API Production\Client-Portal-API Production\client-portal-persistence\target\classes\com\cp\persistence\repository\LocationRepository.class]
2022-03-28 17:54:15,986 DEBUG [main] RepositoryComponentProvider: Identified candidate component class: file [D:\Client_Portal_Workspace\Client-Portal-API Production\Client-Portal-API Production\client-portal-persistence\target\classes\com\cp\persistence\repository\LocFacilityTypeRepository.class]
2022-03-28 17:54:15,988 DEBUG [main] RepositoryComponentProvider: Identified candidate component class: file [D:\Client_Portal_Workspace\Client-Portal-API Production\Client-Portal-API Production\client-portal-persistence\target\classes\com\cp\persistence\repository\RolesRepository.class]
2022-03-28 17:54:15,990 DEBUG [main] RepositoryComponentProvider: Identified candidate component class: file [D:\Client_Portal_Workspace\Client-Portal-API Production\Client-Portal-API Production\client-portal-persistence\target\classes\com\cp\persistence\repository\StatementsNotesRepository.class]
2022-03-28 17:54:15,991 DEBUG [main] RepositoryComponentProvider: Identified candidate component class: file [D:\Client_Portal_Workspace\Client-Portal-API Production\Client-Portal-API Production\client-portal-persistence\target\classes\com\cp\persistence\repository\StatementsRepository.class]
2022-03-28 17:54:15,993 DEBUG [main] RepositoryComponentProvider: Identified candidate component class: file [D:\Client_Portal_Workspace\Client-Portal-API Production\Client-Portal-API Production\client-portal-persistence\target\classes\com\cp\persistence\repository\UserDashBoardLinkRepository.class]
2022-03-28 17:54:15,994 DEBUG [main] RepositoryComponentProvider: Identified candidate component class: file [D:\Client_Portal_Workspace\Client-Portal-API Production\Client-Portal-API Production\client-portal-persistence\target\classes\com\cp\persistence\repository\UserLocationLinkRepository.class]
2022-03-28 17:54:15,995 DEBUG [main] RepositoryComponentProvider: Identified candidate component class: file [D:\Client_Portal_Workspace\Client-Portal-API Production\Client-Portal-API Production\client-portal-persistence\target\classes\com\cp\persistence\repository\UserRepository.class]
2022-03-28 17:54:15,996 DEBUG [main] RepositoryComponentProvider: Identified candidate component class: file [D:\Client_Portal_Workspace\Client-Portal-API Production\Client-Portal-API Production\client-portal-persistence\target\classes\com\cp\persistence\repository\VarianceExplanationRepository.class]
2022-03-28 17:54:16,009 DEBUG [main] RepositoryConfigurationDelegate: Spring Data JPA - Registering repository: statementsRepository - Interface: com.cp.persistence.repository.StatementsRepository - Factory: org.springframework.data.jpa.repository.support.JpaRepositoryFactoryBean
2022-03-28 17:54:16,015 DEBUG [main] RepositoryConfigurationDelegate: Spring Data JPA - Registering repository: varianceExplanationRepository - Interface: com.cp.persistence.repository.VarianceExplanationRepository - Factory: org.springframework.data.jpa.repository.support.JpaRepositoryFactoryBean
2022-03-28 17:54:16,020 DEBUG [main] RepositoryConfigurationDelegate: Spring Data JPA - Registering repository: executiveSummaryRepository - Interface: com.cp.persistence.repository.ExecutiveSummaryRepository - Factory: org.springframework.data.jpa.repository.support.JpaRepositoryFactoryBean
2022-03-28 17:54:16,024 DEBUG [main] RepositoryConfigurationDelegate: Spring Data JPA - Registering repository: dashBoardDataSourceRepository - Interface: com.cp.persistence.repository.DashBoardDataSourceRepository - Factory: org.springframework.data.jpa.repository.support.JpaRepositoryFactoryBean
2022-03-28 17:54:16,028 DEBUG [main] RepositoryConfigurationDelegate: Spring Data JPA - Registering repository: cpTenderTypesRepository - Interface: com.cp.persistence.repository.CpTenderTypesRepository - Factory: org.springframework.data.jpa.repository.support.JpaRepositoryFactoryBean
2022-03-28 17:54:16,030 DEBUG [main] RepositoryConfigurationDelegate: Spring Data JPA - Registering repository: locationContactRepository - Interface: com.cp.persistence.repository.LocationContactRepository - Factory: org.springframework.data.jpa.repository.support.JpaRepositoryFactoryBean
2022-03-28 17:54:16,034 DEBUG [main] RepositoryConfigurationDelegate: Spring Data JPA - Registering repository: burdensRepository - Interface: com.cp.persistence.repository.BurdensRepository - Factory: org.springframework.data.jpa.repository.support.JpaRepositoryFactoryBean
2022-03-28 17:54:16,036 DEBUG [main] RepositoryConfigurationDelegate: Spring Data JPA - Registering repository: dashBoardClientRepository - Interface: com.cp.persistence.repository.DashBoardClientRepository - Factory: org.springframework.data.jpa.repository.support.JpaRepositoryFactoryBean
2022-03-28 17:54:16,040 DEBUG [main] RepositoryConfigurationDelegate: Spring Data JPA - Registering repository: fileInfoRepository - Interface: com.cp.persistence.repository.FileInfoRepository - Factory: org.springframework.data.jpa.repository.support.JpaRepositoryFactoryBean
2022-03-28 17:54:16,043 DEBUG [main] RepositoryConfigurationDelegate: Spring Data JPA - Registering repository: dashBoardRepository - Interface: com.cp.persistence.repository.DashBoardRepository - Factory: org.springframework.data.jpa.repository.support.JpaRepositoryFactoryBean
2022-03-28 17:54:16,047 DEBUG [main] RepositoryConfigurationDelegate: Spring Data JPA - Registering repository: burdenInfoRepository - Interface: com.cp.persistence.repository.BurdenInfoRepository - Factory: org.springframework.data.jpa.repository.support.JpaRepositoryFactoryBean
2022-03-28 17:54:16,050 DEBUG [main] RepositoryConfigurationDelegate: Spring Data JPA - Registering repository: userRepository - Interface: com.cp.persistence.repository.UserRepository - Factory: org.springframework.data.jpa.repository.support.JpaRepositoryFactoryBean
2022-03-28 17:54:16,054 DEBUG [main] RepositoryConfigurationDelegate: Spring Data JPA - Registering repository: rolesRepository - Interface: com.cp.persistence.repository.RolesRepository - Factory: org.springframework.data.jpa.repository.support.JpaRepositoryFactoryBean
2022-03-28 17:54:16,057 DEBUG [main] RepositoryConfigurationDelegate: Spring Data JPA - Registering repository: statementsNotesRepository - Interface: com.cp.persistence.repository.StatementsNotesRepository - Factory: org.springframework.data.jpa.repository.support.JpaRepositoryFactoryBean
2022-03-28 17:54:16,060 DEBUG [main] RepositoryConfigurationDelegate: Spring Data JPA - Registering repository: designationRepository - Interface: com.cp.persistence.repository.DesignationRepository - Factory: org.springframework.data.jpa.repository.support.JpaRepositoryFactoryBean
2022-03-28 17:54:16,064 DEBUG [main] RepositoryConfigurationDelegate: Spring Data JPA - Registering repository: GLCodesRepository - Interface: com.cp.persistence.repository.GLCodesRepository - Factory: org.springframework.data.jpa.repository.support.JpaRepositoryFactoryBean
2022-03-28 17:54:16,067 DEBUG [main] RepositoryConfigurationDelegate: Spring Data JPA - Registering repository: locationNotesRepository - Interface: com.cp.persistence.repository.LocationNotesRepository - Factory: org.springframework.data.jpa.repository.support.JpaRepositoryFactoryBean
2022-03-28 17:54:16,071 DEBUG [main] RepositoryConfigurationDelegate: Spring Data JPA - Registering repository: dashBoardCategoryRepository - Interface: com.cp.persistence.repository.DashBoardCategoryRepository - Factory: org.springframework.data.jpa.repository.support.JpaRepositoryFactoryBean
2022-03-28 17:54:16,075 DEBUG [main] RepositoryConfigurationDelegate: Spring Data JPA - Registering repository: brandRepository - Interface: com.cp.persistence.repository.BrandRepository - Factory: org.springframework.data.jpa.repository.support.JpaRepositoryFactoryBean
2022-03-28 17:54:16,079 DEBUG [main] RepositoryConfigurationDelegate: Spring Data JPA - Registering repository: distributionListRepository - Interface: com.cp.persistence.repository.DistributionListRepository - Factory: org.springframework.data.jpa.repository.support.JpaRepositoryFactoryBean
2022-03-28 17:54:16,084 DEBUG [main] RepositoryConfigurationDelegate: Spring Data JPA - Registering repository: commonBurdenRepository - Interface: com.cp.persistence.repository.CommonBurdenRepository - Factory: org.springframework.data.jpa.repository.support.JpaRepositoryFactoryBean
2022-03-28 17:54:16,088 DEBUG [main] RepositoryConfigurationDelegate: Spring Data JPA - Registering repository: locationMoreInfoRepository - Interface: com.cp.persistence.repository.LocationMoreInfoRepository - Factory: org.springframework.data.jpa.repository.support.JpaRepositoryFactoryBean
2022-03-28 17:54:16,093 DEBUG [main] RepositoryConfigurationDelegate: Spring Data JPA - Registering repository: dashBoardWidgetRepository - Interface: com.cp.persistence.repository.DashBoardWidgetRepository - Factory: org.springframework.data.jpa.repository.support.JpaRepositoryFactoryBean
2022-03-28 17:54:16,097 DEBUG [main] RepositoryConfigurationDelegate: Spring Data JPA - Registering repository: userDashBoardLinkRepository - Interface: com.cp.persistence.repository.UserDashBoardLinkRepository - Factory: org.springframework.data.jpa.repository.support.JpaRepositoryFactoryBean
2022-03-28 17:54:16,100 DEBUG [main] RepositoryConfigurationDelegate: Spring Data JPA - Registering repository: locationRepository - Interface: com.cp.persistence.repository.LocationRepository - Factory: org.springframework.data.jpa.repository.support.JpaRepositoryFactoryBean
2022-03-28 17:54:16,103 DEBUG [main] RepositoryConfigurationDelegate: Spring Data JPA - Registering repository: contactTypesRepository - Interface: com.cp.persistence.repository.ContactTypesRepository - Factory: org.springframework.data.jpa.repository.support.JpaRepositoryFactoryBean
2022-03-28 17:54:16,106 DEBUG [main] RepositoryConfigurationDelegate: Spring Data JPA - Registering repository: userLocationLinkRepository - Interface: com.cp.persistence.repository.UserLocationLinkRepository - Factory: org.springframework.data.jpa.repository.support.JpaRepositoryFactoryBean
2022-03-28 17:54:16,109 DEBUG [main] RepositoryConfigurationDelegate: Spring Data JPA - Registering repository: locFacilityTypeRepository - Interface: com.cp.persistence.repository.LocFacilityTypeRepository - Factory: org.springframework.data.jpa.repository.support.JpaRepositoryFactoryBean
2022-03-28 17:54:16,154 DEBUG [main] RepositoryComponentProvider: Identified candidate component class: file [D:\Client_Portal_Workspace\Client-Portal-API Production\Client-Portal-API Production\client-portal-persistence\target\classes\com\cp\persistence\cube\repository\TicketSummaryRepository.class]
2022-03-28 17:54:16,155 DEBUG [main] RepositoryComponentProvider: Identified candidate component class: file [D:\Client_Portal_Workspace\Client-Portal-API Production\Client-Portal-API Production\client-portal-persistence\target\classes\com\cp\persistence\cube\repository\VarianceArchiveRepository.class]
2022-03-28 17:54:16,156 DEBUG [main] RepositoryComponentProvider: Identified candidate component class: file [D:\Client_Portal_Workspace\Client-Portal-API Production\Client-Portal-API Production\client-portal-persistence\target\classes\com\cp\persistence\cube\repository\VarianceFiscalRepository.class]
2022-03-28 17:54:16,157 DEBUG [main] RepositoryComponentProvider: Identified candidate component class: file [D:\Client_Portal_Workspace\Client-Portal-API Production\Client-Portal-API Production\client-portal-persistence\target\classes\com\cp\persistence\cube\repository\VarianceRepository.class]
2022-03-28 17:54:16,160 DEBUG [main] RepositoryConfigurationDelegate: Spring Data JPA - Registering repository: varianceRepository - Interface: com.cp.persistence.cube.repository.VarianceRepository - Factory: org.springframework.data.jpa.repository.support.JpaRepositoryFactoryBean
2022-03-28 17:54:16,163 DEBUG [main] RepositoryConfigurationDelegate: Spring Data JPA - Registering repository: varianceArchiveRepository - Interface: com.cp.persistence.cube.repository.VarianceArchiveRepository - Factory: org.springframework.data.jpa.repository.support.JpaRepositoryFactoryBean
2022-03-28 17:54:16,166 DEBUG [main] RepositoryConfigurationDelegate: Spring Data JPA - Registering repository: varianceFiscalRepository - Interface: com.cp.persistence.cube.repository.VarianceFiscalRepository - Factory: org.springframework.data.jpa.repository.support.JpaRepositoryFactoryBean
2022-03-28 17:54:16,168 DEBUG [main] RepositoryConfigurationDelegate: Spring Data JPA - Registering repository: ticketSummaryRepository - Interface: com.cp.persistence.cube.repository.TicketSummaryRepository - Factory: org.springframework.data.jpa.repository.support.JpaRepositoryFactoryBean
2022-03-28 17:54:16,990 DEBUG [main] StandardServletEnvironment: Adding [applicationConfig: [classpath:/application.properties]] PropertySource with search precedence immediately lower than [applicationConfigurationProperties]
2022-03-28 17:54:16,991 DEBUG [main] StandardServletEnvironment: Removing [applicationConfigurationProperties] PropertySource
2022-03-28 17:54:16,991 DEBUG [main] StandardServletEnvironment: Removing [defaultProperties] PropertySource
2022-03-28 17:54:17,717 INFO  [main] ThymeleafConfiguration: loading non-reloadable mail messages resources
2022-03-28 17:54:20,097 INFO  [main] StandardService: Starting service Tomcat
2022-03-28 17:54:20,098 INFO  [main] StandardEngine: Starting Servlet Engine: Apache Tomcat/8.5.6
2022-03-28 17:54:20,391 INFO  [localhost-startStop-1] [/]: Initializing Spring embedded WebApplicationContext
2022-03-28 17:54:20,391 DEBUG [localhost-startStop-1] ContextLoader: Published root WebApplicationContext as ServletContext attribute with name [org.springframework.web.context.WebApplicationContext.ROOT]
2022-03-28 17:54:20,391 INFO  [localhost-startStop-1] ContextLoader: Root WebApplicationContext: initialization completed in 6603 ms
2022-03-28 17:54:20,710 DEBUG [localhost-startStop-1] StandardServletEnvironment: Adding [servletConfigInitParams] PropertySource with lowest search precedence
2022-03-28 17:54:20,710 DEBUG [localhost-startStop-1] StandardServletEnvironment: Adding [servletContextInitParams] PropertySource with lowest search precedence
2022-03-28 17:54:20,712 DEBUG [localhost-startStop-1] StandardServletEnvironment: Adding [systemProperties] PropertySource with lowest search precedence
2022-03-28 17:54:20,713 DEBUG [localhost-startStop-1] StandardServletEnvironment: Adding [systemEnvironment] PropertySource with lowest search precedence
2022-03-28 17:54:20,713 DEBUG [localhost-startStop-1] StandardServletEnvironment: Initialized StandardServletEnvironment with PropertySources [servletConfigInitParams,servletContextInitParams,systemProperties,systemEnvironment]
2022-03-28 17:54:20,771 DEBUG [localhost-startStop-1] StandardServletEnvironment: Adding [servletConfigInitParams] PropertySource with lowest search precedence
2022-03-28 17:54:20,772 DEBUG [localhost-startStop-1] StandardServletEnvironment: Adding [servletContextInitParams] PropertySource with lowest search precedence
2022-03-28 17:54:20,772 DEBUG [localhost-startStop-1] StandardServletEnvironment: Adding [systemProperties] PropertySource with lowest search precedence
2022-03-28 17:54:20,772 DEBUG [localhost-startStop-1] StandardServletEnvironment: Adding [systemEnvironment] PropertySource with lowest search precedence
2022-03-28 17:54:20,772 DEBUG [localhost-startStop-1] StandardServletEnvironment: Initialized StandardServletEnvironment with PropertySources [servletConfigInitParams,servletContextInitParams,systemProperties,systemEnvironment]
2022-03-28 17:54:20,811 DEBUG [localhost-startStop-1] StandardServletEnvironment: Adding [servletConfigInitParams] PropertySource with lowest search precedence
2022-03-28 17:54:20,811 DEBUG [localhost-startStop-1] StandardServletEnvironment: Adding [servletContextInitParams] PropertySource with lowest search precedence
2022-03-28 17:54:20,812 DEBUG [localhost-startStop-1] StandardServletEnvironment: Adding [systemProperties] PropertySource with lowest search precedence
2022-03-28 17:54:20,812 DEBUG [localhost-startStop-1] StandardServletEnvironment: Adding [systemEnvironment] PropertySource with lowest search precedence
2022-03-28 17:54:20,812 DEBUG [localhost-startStop-1] StandardServletEnvironment: Initialized StandardServletEnvironment with PropertySources [servletConfigInitParams,servletContextInitParams,systemProperties,systemEnvironment]
2022-03-28 17:54:20,860 DEBUG [localhost-startStop-1] StandardServletEnvironment: Adding [servletConfigInitParams] PropertySource with lowest search precedence
2022-03-28 17:54:20,861 DEBUG [localhost-startStop-1] StandardServletEnvironment: Adding [servletContextInitParams] PropertySource with lowest search precedence
2022-03-28 17:54:20,861 DEBUG [localhost-startStop-1] StandardServletEnvironment: Adding [systemProperties] PropertySource with lowest search precedence
2022-03-28 17:54:20,861 DEBUG [localhost-startStop-1] StandardServletEnvironment: Adding [systemEnvironment] PropertySource with lowest search precedence
2022-03-28 17:54:20,861 DEBUG [localhost-startStop-1] StandardServletEnvironment: Initialized StandardServletEnvironment with PropertySources [servletConfigInitParams,servletContextInitParams,systemProperties,systemEnvironment]
2022-03-28 17:54:20,925 DEBUG [localhost-startStop-1] StandardServletEnvironment: Adding [servletConfigInitParams] PropertySource with lowest search precedence
2022-03-28 17:54:20,925 DEBUG [localhost-startStop-1] StandardServletEnvironment: Adding [servletContextInitParams] PropertySource with lowest search precedence
2022-03-28 17:54:20,925 DEBUG [localhost-startStop-1] StandardServletEnvironment: Adding [systemProperties] PropertySource with lowest search precedence
2022-03-28 17:54:20,925 DEBUG [localhost-startStop-1] StandardServletEnvironment: Adding [systemEnvironment] PropertySource with lowest search precedence
2022-03-28 17:54:20,925 DEBUG [localhost-startStop-1] StandardServletEnvironment: Initialized StandardServletEnvironment with PropertySources [servletConfigInitParams,servletContextInitParams,systemProperties,systemEnvironment]
2022-03-28 17:54:20,994 DEBUG [main] StandardServletEnvironment: Replacing [servletContextInitParams] PropertySource with [servletContextInitParams]
2022-03-28 17:54:21,076 INFO  [main] HikariDataSource: HikariPool-1 - Started.
2022-03-28 17:54:51,456 INFO  [main] HikariPool: HikariPool-1 - Close initiated...
2022-03-28 17:54:51,458 INFO  [main] HikariPool: HikariPool-1 - Closed.
2022-03-28 17:54:51,474 WARN  [main] AnnotationConfigEmbeddedWebApplicationContext: Exception encountered during context initialization - cancelling refresh attempt: org.springframework.beans.factory.UnsatisfiedDependencyException: Error creating bean with name 'cpEntityManagerFactory' defined in class path resource [com/cp/persistence/config/CpDatabaseConfiguration.class]: Unsatisfied dependency expressed through method 'cpEntityManagerFactory' parameter 0; nested exception is org.springframework.beans.factory.UnsatisfiedDependencyException: Error creating bean with name 'org.springframework.boot.autoconfigure.orm.jpa.HibernateJpaAutoConfiguration': Unsatisfied dependency expressed through constructor parameter 0; nested exception is org.springframework.beans.factory.BeanCreationException: Error creating bean with name 'cpDataSource' defined in class path resource [com/cp/persistence/config/CpDatabaseConfiguration.class]: Bean instantiation via factory method failed; nested exception is org.springframework.beans.BeanInstantiationException: Failed to instantiate [javax.sql.DataSource]: Factory method 'cpDataSource' threw exception; nested exception is com.zaxxer.hikari.pool.HikariPool$PoolInitializationException: Failed to initialize pool: The TCP/IP connection to the host 10.5.20.133, port 1433 has failed. Error: "Connection timed out: no further information. Verify the connection properties. Make sure that an instance of SQL Server is running on the host and accepting TCP/IP connections at the port. Make sure that TCP connections to the port are not blocked by a firewall.".
2022-03-28 17:54:51,477 INFO  [main] StandardService: Stopping service Tomcat
2022-03-28 17:54:51,506 WARN  [main] SpringApplication: Error handling failed (Error creating bean with name 'delegatingApplicationListener' defined in class path resource [org/springframework/security/config/annotation/web/configuration/WebSecurityConfiguration.class]: BeanPostProcessor before instantiation of bean failed; nested exception is org.springframework.beans.factory.BeanCreationException: Error creating bean with name 'org.springframework.cache.annotation.ProxyCachingConfiguration': Initialization of bean failed; nested exception is org.springframework.beans.factory.NoSuchBeanDefinitionException: No bean named 'org.springframework.context.annotation.ConfigurationClassPostProcessor.importRegistry' available)
2022-03-28 17:54:51,518 ERROR [main] SpringApplication: Application startup failed
org.springframework.beans.factory.UnsatisfiedDependencyException: Error creating bean with name 'cpEntityManagerFactory' defined in class path resource [com/cp/persistence/config/CpDatabaseConfiguration.class]: Unsatisfied dependency expressed through method 'cpEntityManagerFactory' parameter 0; nested exception is org.springframework.beans.factory.UnsatisfiedDependencyException: Error creating bean with name 'org.springframework.boot.autoconfigure.orm.jpa.HibernateJpaAutoConfiguration': Unsatisfied dependency expressed through constructor parameter 0; nested exception is org.springframework.beans.factory.BeanCreationException: Error creating bean with name 'cpDataSource' defined in class path resource [com/cp/persistence/config/CpDatabaseConfiguration.class]: Bean instantiation via factory method failed; nested exception is org.springframework.beans.BeanInstantiationException: Failed to instantiate [javax.sql.DataSource]: Factory method 'cpDataSource' threw exception; nested exception is com.zaxxer.hikari.pool.HikariPool$PoolInitializationException: Failed to initialize pool: The TCP/IP connection to the host 10.5.20.133, port 1433 has failed. Error: "Connection timed out: no further information. Verify the connection properties. Make sure that an instance of SQL Server is running on the host and accepting TCP/IP connections at the port. Make sure that TCP connections to the port are not blocked by a firewall.".
	at org.springframework.beans.factory.support.ConstructorResolver.createArgumentArray(ConstructorResolver.java:749)
	at org.springframework.beans.factory.support.ConstructorResolver.instantiateUsingFactoryMethod(ConstructorResolver.java:467)
	at org.springframework.beans.factory.support.AbstractAutowireCapableBeanFactory.instantiateUsingFactoryMethod(AbstractAutowireCapableBeanFactory.java:1128)
	at org.springframework.beans.factory.support.AbstractAutowireCapableBeanFactory.createBeanInstance(AbstractAutowireCapableBeanFactory.java:1022)
	at org.springframework.beans.factory.support.AbstractAutowireCapableBeanFactory.doCreateBean(AbstractAutowireCapableBeanFactory.java:512)
	at org.springframework.beans.factory.support.AbstractAutowireCapableBeanFactory.createBean(AbstractAutowireCapableBeanFactory.java:482)
	at org.springframework.beans.factory.support.AbstractBeanFactory$1.getObject(AbstractBeanFactory.java:306)
	at org.springframework.beans.factory.support.DefaultSingletonBeanRegistry.getSingleton(DefaultSingletonBeanRegistry.java:230)
	at org.springframework.beans.factory.support.AbstractBeanFactory.doGetBean(AbstractBeanFactory.java:302)
	at org.springframework.beans.factory.support.AbstractBeanFactory.getBean(AbstractBeanFactory.java:197)
	at org.springframework.context.support.AbstractApplicationContext.getBean(AbstractApplicationContext.java:1081)
	at org.springframework.context.support.AbstractApplicationContext.finishBeanFactoryInitialization(AbstractApplicationContext.java:856)
	at org.springframework.context.support.AbstractApplicationContext.refresh(AbstractApplicationContext.java:542)
	at org.springframework.boot.context.embedded.EmbeddedWebApplicationContext.refresh(EmbeddedWebApplicationContext.java:122)
	at org.springframework.boot.SpringApplication.refresh(SpringApplication.java:761)
	at org.springframework.boot.SpringApplication.refreshContext(SpringApplication.java:371)
	at org.springframework.boot.SpringApplication.run(SpringApplication.java:315)
	at com.cp.api.ApiApplication.main(ApiApplication.java:39)
Caused by: org.springframework.beans.factory.UnsatisfiedDependencyException: Error creating bean with name 'org.springframework.boot.autoconfigure.orm.jpa.HibernateJpaAutoConfiguration': Unsatisfied dependency expressed through constructor parameter 0; nested exception is org.springframework.beans.factory.BeanCreationException: Error creating bean with name 'cpDataSource' defined in class path resource [com/cp/persistence/config/CpDatabaseConfiguration.class]: Bean instantiation via factory method failed; nested exception is org.springframework.beans.BeanInstantiationException: Failed to instantiate [javax.sql.DataSource]: Factory method 'cpDataSource' threw exception; nested exception is com.zaxxer.hikari.pool.HikariPool$PoolInitializationException: Failed to initialize pool: The TCP/IP connection to the host 10.5.20.133, port 1433 has failed. Error: "Connection timed out: no further information. Verify the connection properties. Make sure that an instance of SQL Server is running on the host and accepting TCP/IP connections at the port. Make sure that TCP connections to the port are not blocked by a firewall.".
	at org.springframework.beans.factory.support.ConstructorResolver.createArgumentArray(ConstructorResolver.java:749)
	at org.springframework.beans.factory.support.ConstructorResolver.autowireConstructor(ConstructorResolver.java:189)
	at org.springframework.beans.factory.support.AbstractAutowireCapableBeanFactory.autowireConstructor(AbstractAutowireCapableBeanFactory.java:1148)
	at org.springframework.beans.factory.support.AbstractAutowireCapableBeanFactory.createBeanInstance(AbstractAutowireCapableBeanFactory.java:1050)
	at org.springframework.beans.factory.support.AbstractAutowireCapableBeanFactory.doCreateBean(AbstractAutowireCapableBeanFactory.java:512)
	at org.springframework.beans.factory.support.AbstractAutowireCapableBeanFactory.createBean(AbstractAutowireCapableBeanFactory.java:482)
	at org.springframework.beans.factory.support.AbstractBeanFactory$1.getObject(AbstractBeanFactory.java:306)
	at org.springframework.beans.factory.support.DefaultSingletonBeanRegistry.getSingleton(DefaultSingletonBeanRegistry.java:230)
	at org.springframework.beans.factory.support.AbstractBeanFactory.doGetBean(AbstractBeanFactory.java:302)
	at org.springframework.beans.factory.support.AbstractBeanFactory.getBean(AbstractBeanFactory.java:197)
	at org.springframework.beans.factory.support.ConstructorResolver.instantiateUsingFactoryMethod(ConstructorResolver.java:372)
	at org.springframework.beans.factory.support.AbstractAutowireCapableBeanFactory.instantiateUsingFactoryMethod(AbstractAutowireCapableBeanFactory.java:1128)
	at org.springframework.beans.factory.support.AbstractAutowireCapableBeanFactory.createBeanInstance(AbstractAutowireCapableBeanFactory.java:1022)
	at org.springframework.beans.factory.support.AbstractAutowireCapableBeanFactory.doCreateBean(AbstractAutowireCapableBeanFactory.java:512)
	at org.springframework.beans.factory.support.AbstractAutowireCapableBeanFactory.createBean(AbstractAutowireCapableBeanFactory.java:482)
	at org.springframework.beans.factory.support.AbstractBeanFactory$1.getObject(AbstractBeanFactory.java:306)
	at org.springframework.beans.factory.support.DefaultSingletonBeanRegistry.getSingleton(DefaultSingletonBeanRegistry.java:230)
	at org.springframework.beans.factory.support.AbstractBeanFactory.doGetBean(AbstractBeanFactory.java:302)
	at org.springframework.beans.factory.support.AbstractBeanFactory.getBean(AbstractBeanFactory.java:202)
	at org.springframework.beans.factory.config.DependencyDescriptor.resolveCandidate(DependencyDescriptor.java:207)
	at org.springframework.beans.factory.support.DefaultListableBeanFactory.doResolveDependency(DefaultListableBeanFactory.java:1131)
	at org.springframework.beans.factory.support.DefaultListableBeanFactory.resolveDependency(DefaultListableBeanFactory.java:1059)
	at org.springframework.beans.factory.support.ConstructorResolver.resolveAutowiredArgument(ConstructorResolver.java:835)
	at org.springframework.beans.factory.support.ConstructorResolver.createArgumentArray(ConstructorResolver.java:741)
	... 17 common frames omitted
Caused by: org.springframework.beans.factory.BeanCreationException: Error creating bean with name 'cpDataSource' defined in class path resource [com/cp/persistence/config/CpDatabaseConfiguration.class]: Bean instantiation via factory method failed; nested exception is org.springframework.beans.BeanInstantiationException: Failed to instantiate [javax.sql.DataSource]: Factory method 'cpDataSource' threw exception; nested exception is com.zaxxer.hikari.pool.HikariPool$PoolInitializationException: Failed to initialize pool: The TCP/IP connection to the host 10.5.20.133, port 1433 has failed. Error: "Connection timed out: no further information. Verify the connection properties. Make sure that an instance of SQL Server is running on the host and accepting TCP/IP connections at the port. Make sure that TCP connections to the port are not blocked by a firewall.".
	at org.springframework.beans.factory.support.ConstructorResolver.instantiateUsingFactoryMethod(ConstructorResolver.java:599)
	at org.springframework.beans.factory.support.AbstractAutowireCapableBeanFactory.instantiateUsingFactoryMethod(AbstractAutowireCapableBeanFactory.java:1128)
	at org.springframework.beans.factory.support.AbstractAutowireCapableBeanFactory.createBeanInstance(AbstractAutowireCapableBeanFactory.java:1022)
	at org.springframework.beans.factory.support.AbstractAutowireCapableBeanFactory.doCreateBean(AbstractAutowireCapableBeanFactory.java:512)
	at org.springframework.beans.factory.support.AbstractAutowireCapableBeanFactory.createBean(AbstractAutowireCapableBeanFactory.java:482)
	at org.springframework.beans.factory.support.AbstractBeanFactory$1.getObject(AbstractBeanFactory.java:306)
	at org.springframework.beans.factory.support.DefaultSingletonBeanRegistry.getSingleton(DefaultSingletonBeanRegistry.java:230)
	at org.springframework.beans.factory.support.AbstractBeanFactory.doGetBean(AbstractBeanFactory.java:302)
	at org.springframework.beans.factory.support.AbstractBeanFactory.getBean(AbstractBeanFactory.java:202)
	at org.springframework.beans.factory.config.DependencyDescriptor.resolveCandidate(DependencyDescriptor.java:207)
	at org.springframework.beans.factory.support.DefaultListableBeanFactory.doResolveDependency(DefaultListableBeanFactory.java:1131)
	at org.springframework.beans.factory.support.DefaultListableBeanFactory.resolveDependency(DefaultListableBeanFactory.java:1059)
	at org.springframework.beans.factory.support.ConstructorResolver.resolveAutowiredArgument(ConstructorResolver.java:835)
	at org.springframework.beans.factory.support.ConstructorResolver.createArgumentArray(ConstructorResolver.java:741)
	... 40 common frames omitted
Caused by: org.springframework.beans.BeanInstantiationException: Failed to instantiate [javax.sql.DataSource]: Factory method 'cpDataSource' threw exception; nested exception is com.zaxxer.hikari.pool.HikariPool$PoolInitializationException: Failed to initialize pool: The TCP/IP connection to the host 10.5.20.133, port 1433 has failed. Error: "Connection timed out: no further information. Verify the connection properties. Make sure that an instance of SQL Server is running on the host and accepting TCP/IP connections at the port. Make sure that TCP connections to the port are not blocked by a firewall.".
	at org.springframework.beans.factory.support.SimpleInstantiationStrategy.instantiate(SimpleInstantiationStrategy.java:189)
	at org.springframework.beans.factory.support.ConstructorResolver.instantiateUsingFactoryMethod(ConstructorResolver.java:588)
	... 53 common frames omitted
Caused by: com.zaxxer.hikari.pool.HikariPool$PoolInitializationException: Failed to initialize pool: The TCP/IP connection to the host 10.5.20.133, port 1433 has failed. Error: "Connection timed out: no further information. Verify the connection properties. Make sure that an instance of SQL Server is running on the host and accepting TCP/IP connections at the port. Make sure that TCP connections to the port are not blocked by a firewall.".
	at com.zaxxer.hikari.pool.HikariPool.checkFailFast(HikariPool.java:516)
	at com.zaxxer.hikari.pool.HikariPool.<init>(HikariPool.java:118)
	at com.zaxxer.hikari.HikariDataSource.<init>(HikariDataSource.java:71)
	at com.cp.persistence.config.CpDatabaseConfiguration.cpDataSource(CpDatabaseConfiguration.java:40)
	at com.cp.persistence.config.CpDatabaseConfiguration$$EnhancerBySpringCGLIB$$70c23b34.CGLIB$cpDataSource$2(<generated>)
	at com.cp.persistence.config.CpDatabaseConfiguration$$EnhancerBySpringCGLIB$$70c23b34$$FastClassBySpringCGLIB$$fae3552c.invoke(<generated>)
	at org.springframework.cglib.proxy.MethodProxy.invokeSuper(MethodProxy.java:228)
	at org.springframework.context.annotation.ConfigurationClassEnhancer$BeanMethodInterceptor.intercept(ConfigurationClassEnhancer.java:356)
	at com.cp.persistence.config.CpDatabaseConfiguration$$EnhancerBySpringCGLIB$$70c23b34.cpDataSource(<generated>)
	at sun.reflect.NativeMethodAccessorImpl.invoke0(Native Method)
	at sun.reflect.NativeMethodAccessorImpl.invoke(NativeMethodAccessorImpl.java:62)
	at sun.reflect.DelegatingMethodAccessorImpl.invoke(DelegatingMethodAccessorImpl.java:43)
	at java.lang.reflect.Method.invoke(Method.java:498)
	at org.springframework.beans.factory.support.SimpleInstantiationStrategy.instantiate(SimpleInstantiationStrategy.java:162)
	... 54 common frames omitted
Caused by: com.microsoft.sqlserver.jdbc.SQLServerException: The TCP/IP connection to the host 10.5.20.133, port 1433 has failed. Error: "Connection timed out: no further information. Verify the connection properties. Make sure that an instance of SQL Server is running on the host and accepting TCP/IP connections at the port. Make sure that TCP connections to the port are not blocked by a firewall.".
	at com.microsoft.sqlserver.jdbc.SQLServerException.makeFromDriverError(SQLServerException.java:206)
	at com.microsoft.sqlserver.jdbc.SQLServerException.ConvertConnectExceptionToSQLServerException(SQLServerException.java:257)
	at com.microsoft.sqlserver.jdbc.SocketFinder.findSocket(IOBuffer.java:2385)
	at com.microsoft.sqlserver.jdbc.TDSChannel.open(IOBuffer.java:567)
	at com.microsoft.sqlserver.jdbc.SQLServerConnection.connectHelper(SQLServerConnection.java:1955)
	at com.microsoft.sqlserver.jdbc.SQLServerConnection.login(SQLServerConnection.java:1616)
	at com.microsoft.sqlserver.jdbc.SQLServerConnection.connectInternal(SQLServerConnection.java:1447)
	at com.microsoft.sqlserver.jdbc.SQLServerConnection.connect(SQLServerConnection.java:788)
	at com.microsoft.sqlserver.jdbc.SQLServerDataSource.getConnectionInternal(SQLServerDataSource.java:719)
	at com.microsoft.sqlserver.jdbc.SQLServerDataSource.getConnection(SQLServerDataSource.java:71)
	at com.zaxxer.hikari.pool.PoolBase.newConnection(PoolBase.java:316)
	at com.zaxxer.hikari.pool.HikariPool.checkFailFast(HikariPool.java:506)
	... 67 common frames omitted
