2022-03-24 14:17:06,645 [Worker-2: Loading available Gradle versions] INFO  o.e.b.c.i.u.g.PublishedGradleVersions - Gradle version information cache is up-to-date. Trying to read.
2022-03-24 14:17:39,347 [Worker-0: Importing Maven projects] INFO  o.e.m.c.i.l.LifecycleMappingFactory - Using org.eclipse.m2e.jdt.JarLifecycleMapping lifecycle mapping for MavenProject: com.cp.clientportal:client-portal-persistence:0.0.1 @ D:\Client_Portal_Workspace\Client-Portal-API Production\Client-Portal-API Production\client-portal-persistence\pom.xml.
2022-03-24 14:17:40,933 [Worker-0: Importing Maven projects] INFO  o.e.m.c.i.l.LifecycleMappingFactory - Using org.eclipse.m2e.jdt.JarLifecycleMapping lifecycle mapping for MavenProject: com.cp.clientportal:client-portal-logging:0.0.1 @ D:\Client_Portal_Workspace\Client-Portal-API Production\Client-Portal-API Production\client-portal-logging\pom.xml.
2022-03-24 14:17:40,972 [Worker-0: Importing Maven projects] INFO  o.e.m.c.i.l.LifecycleMappingFactory - Using NULL lifecycle mapping for MavenProject: com.cp.clientportal:client-portal-base:0.0.1 @ D:\Client_Portal_Workspace\Client-Portal-API Production\Client-Portal-API Production\pom.xml.
2022-03-24 14:17:41,260 [Worker-0: Importing Maven projects] INFO  o.e.m.c.i.l.LifecycleMappingFactory - Using org.eclipse.m2e.jdt.JarLifecycleMapping lifecycle mapping for MavenProject: com.cp.clientportal:client-portal-commons:0.0.1 @ D:\Client_Portal_Workspace\Client-Portal-API Production\Client-Portal-API Production\client-portal-commons\pom.xml.
2022-03-24 14:17:41,429 [Worker-0: Importing Maven projects] INFO  o.e.m.c.i.p.WorkspaceClassifierResolverManager - Resolving P/client-portal-persistence: com.cp.clientportal:client-portal-persistence:0.0.1 with classifier  to /client-portal-persistence/target/classes
2022-03-24 14:17:41,707 [Worker-0: Importing Maven projects] INFO  o.e.m.c.i.l.LifecycleMappingFactory - Using org.eclipse.m2e.jdt.JarLifecycleMapping lifecycle mapping for MavenProject: com.cp.clientportal:client-portal-exceptions:0.0.1 @ D:\Client_Portal_Workspace\Client-Portal-API Production\Client-Portal-API Production\client-portal-exceptions\pom.xml.
2022-03-24 14:17:41,970 [Worker-0: Importing Maven projects] INFO  o.e.m.c.i.l.LifecycleMappingFactory - Using org.eclipse.m2e.jdt.JarLifecycleMapping lifecycle mapping for MavenProject: com.cp.clientportal:client-portal-security:0.0.1 @ D:\Client_Portal_Workspace\Client-Portal-API Production\Client-Portal-API Production\client-portal-security\pom.xml.
2022-03-24 14:17:42,123 [Worker-0: Importing Maven projects] INFO  o.e.m.c.i.p.WorkspaceClassifierResolverManager - Resolving P/client-portal-persistence: com.cp.clientportal:client-portal-persistence:0.0.1 with classifier  to /client-portal-persistence/target/classes
2022-03-24 14:17:42,822 [Worker-0: Importing Maven projects] INFO  o.e.m.c.i.l.LifecycleMappingFactory - Using org.maven.ide.eclipse.wtp.WarLifecycleMapping lifecycle mapping for MavenProject: com.cp.clientportal:cp-api-v2:0.0.1 @ D:\Client_Portal_Workspace\Client-Portal-API Production\Client-Portal-API Production\client-portal-api\pom.xml.
2022-03-24 14:17:44,158 [Worker-0: Importing Maven projects] WARN  o.e.m.c.i.embedder.EclipseLogger - The artifact org.apache.commons:commons-io:jar:1.3.2 has been relocated to commons-io:commons-io:jar:1.3.2
2022-03-24 14:17:44,276 [Worker-0: Importing Maven projects] INFO  o.e.m.c.i.p.WorkspaceClassifierResolverManager - Resolving P/client-portal-persistence: com.cp.clientportal:client-portal-persistence:0.0.1 with classifier  to /client-portal-persistence/target/classes
2022-03-24 14:17:44,379 [Worker-0: Importing Maven projects] INFO  o.e.m.c.i.p.WorkspaceClassifierResolverManager - Resolving P/client-portal-commons: com.cp.clientportal:client-portal-commons:0.0.1 with classifier  to /client-portal-commons/target/classes
2022-03-24 14:17:44,402 [Worker-0: Importing Maven projects] INFO  o.e.m.c.i.p.WorkspaceClassifierResolverManager - Resolving P/client-portal-security: com.cp.clientportal:client-portal-security:0.0.1 with classifier  to /client-portal-security/target/classes
2022-03-24 14:17:44,410 [Worker-0: Importing Maven projects] INFO  o.e.m.c.i.p.WorkspaceClassifierResolverManager - Resolving P/client-portal-logging: com.cp.clientportal:client-portal-logging:0.0.1 with classifier  to /client-portal-logging/target/classes
2022-03-24 14:17:44,412 [Worker-0: Importing Maven projects] INFO  o.e.m.c.i.p.WorkspaceClassifierResolverManager - Resolving P/client-portal-exceptions: com.cp.clientportal:client-portal-exceptions:0.0.1 with classifier  to /client-portal-exceptions/target/classes
2022-03-24 14:17:44,723 [Worker-0: Importing Maven projects] INFO  o.e.m.c.i.l.LifecycleMappingFactory - Using org.eclipse.m2e.jdt.JarLifecycleMapping lifecycle mapping for MavenProject: com.cp.clientportal:client-portal-persistence:0.0.1 @ D:\Client_Portal_Workspace\Client-Portal-API Production\Client-Portal-API Production\client-portal-persistence\pom.xml.
2022-03-24 14:17:45,043 [Worker-0: Importing Maven projects] INFO  o.e.m.c.i.l.LifecycleMappingFactory - Using org.eclipse.m2e.jdt.JarLifecycleMapping lifecycle mapping for MavenProject: com.cp.clientportal:client-portal-logging:0.0.1 @ D:\Client_Portal_Workspace\Client-Portal-API Production\Client-Portal-API Production\client-portal-logging\pom.xml.
2022-03-24 14:17:45,271 [Worker-0: Importing Maven projects] INFO  o.e.m.c.i.l.LifecycleMappingFactory - Using org.eclipse.m2e.jdt.JarLifecycleMapping lifecycle mapping for MavenProject: com.cp.clientportal:client-portal-commons:0.0.1 @ D:\Client_Portal_Workspace\Client-Portal-API Production\Client-Portal-API Production\client-portal-commons\pom.xml.
2022-03-24 14:17:45,325 [Worker-0: Importing Maven projects] INFO  o.e.m.c.i.p.WorkspaceClassifierResolverManager - Resolving P/client-portal-persistence: com.cp.clientportal:client-portal-persistence:0.0.1 with classifier  to /client-portal-persistence/target/classes
2022-03-24 14:17:45,582 [Worker-0: Importing Maven projects] INFO  o.e.m.c.i.l.LifecycleMappingFactory - Using org.eclipse.m2e.jdt.JarLifecycleMapping lifecycle mapping for MavenProject: com.cp.clientportal:client-portal-security:0.0.1 @ D:\Client_Portal_Workspace\Client-Portal-API Production\Client-Portal-API Production\client-portal-security\pom.xml.
2022-03-24 14:17:45,642 [Worker-0: Importing Maven projects] INFO  o.e.m.c.i.p.WorkspaceClassifierResolverManager - Resolving P/client-portal-persistence: com.cp.clientportal:client-portal-persistence:0.0.1 with classifier  to /client-portal-persistence/target/classes
2022-03-24 14:17:45,903 [Worker-0: Importing Maven projects] INFO  o.e.m.c.i.l.LifecycleMappingFactory - Using org.maven.ide.eclipse.wtp.WarLifecycleMapping lifecycle mapping for MavenProject: com.cp.clientportal:cp-api-v2:0.0.1 @ D:\Client_Portal_Workspace\Client-Portal-API Production\Client-Portal-API Production\client-portal-api\pom.xml.
2022-03-24 14:17:45,973 [Worker-0: Importing Maven projects] WARN  o.e.m.c.i.embedder.EclipseLogger - The artifact org.apache.commons:commons-io:jar:1.3.2 has been relocated to commons-io:commons-io:jar:1.3.2
2022-03-24 14:17:46,103 [Worker-0: Importing Maven projects] INFO  o.e.m.c.i.p.WorkspaceClassifierResolverManager - Resolving P/client-portal-persistence: com.cp.clientportal:client-portal-persistence:0.0.1 with classifier  to /client-portal-persistence/target/classes
2022-03-24 14:17:46,213 [Worker-0: Importing Maven projects] INFO  o.e.m.c.i.p.WorkspaceClassifierResolverManager - Resolving P/client-portal-commons: com.cp.clientportal:client-portal-commons:0.0.1 with classifier  to /client-portal-commons/target/classes
2022-03-24 14:17:46,242 [Worker-0: Importing Maven projects] INFO  o.e.m.c.i.p.WorkspaceClassifierResolverManager - Resolving P/client-portal-security: com.cp.clientportal:client-portal-security:0.0.1 with classifier  to /client-portal-security/target/classes
2022-03-24 14:17:46,255 [Worker-0: Importing Maven projects] INFO  o.e.m.c.i.p.WorkspaceClassifierResolverManager - Resolving P/client-portal-logging: com.cp.clientportal:client-portal-logging:0.0.1 with classifier  to /client-portal-logging/target/classes
2022-03-24 14:17:46,258 [Worker-0: Importing Maven projects] INFO  o.e.m.c.i.p.WorkspaceClassifierResolverManager - Resolving P/client-portal-exceptions: com.cp.clientportal:client-portal-exceptions:0.0.1 with classifier  to /client-portal-exceptions/target/classes
2022-03-24 14:17:48,654 [Worker-0: Importing Maven projects] WARN  o.e.m.c.i.embedder.EclipseLogger - The artifact org.apache.commons:commons-io:jar:1.3.2 has been relocated to commons-io:commons-io:jar:1.3.2
2022-03-24 14:17:48,755 [Worker-0: Importing Maven projects] INFO  o.e.m.c.i.p.WorkspaceClassifierResolverManager - Resolving P/client-portal-persistence: com.cp.clientportal:client-portal-persistence:0.0.1 with classifier  to /client-portal-persistence/target/classes
2022-03-24 14:17:48,868 [Worker-0: Importing Maven projects] INFO  o.e.m.c.i.p.WorkspaceClassifierResolverManager - Resolving P/client-portal-commons: com.cp.clientportal:client-portal-commons:0.0.1 with classifier  to /client-portal-commons/target/classes
2022-03-24 14:17:48,894 [Worker-0: Importing Maven projects] INFO  o.e.m.c.i.p.WorkspaceClassifierResolverManager - Resolving P/client-portal-security: com.cp.clientportal:client-portal-security:0.0.1 with classifier  to /client-portal-security/target/classes
2022-03-24 14:17:48,905 [Worker-0: Importing Maven projects] INFO  o.e.m.c.i.p.WorkspaceClassifierResolverManager - Resolving P/client-portal-logging: com.cp.clientportal:client-portal-logging:0.0.1 with classifier  to /client-portal-logging/target/classes
2022-03-24 14:17:48,907 [Worker-0: Importing Maven projects] INFO  o.e.m.c.i.p.WorkspaceClassifierResolverManager - Resolving P/client-portal-exceptions: com.cp.clientportal:client-portal-exceptions:0.0.1 with classifier  to /client-portal-exceptions/target/classes
2022-03-24 14:17:51,358 [Worker-0: Importing Maven projects] INFO  o.e.m.j.i.AbstractJavaProjectConfigurator - Adding source folder /client-portal-persistence/src/main/java
2022-03-24 14:17:51,359 [Worker-0: Importing Maven projects] INFO  o.e.m.j.i.AbstractJavaProjectConfigurator - Adding resource folder /client-portal-persistence/src/main/resources
2022-03-24 14:17:51,359 [Worker-0: Importing Maven projects] INFO  o.e.m.j.i.AbstractJavaProjectConfigurator - Adding resource folder /client-portal-persistence/src/main/resources
2022-03-24 14:17:51,359 [Worker-0: Importing Maven projects] INFO  o.e.m.j.i.AbstractJavaProjectConfigurator - Adding source folder /client-portal-persistence/src/test/java
2022-03-24 14:17:51,906 [Worker-0: Importing Maven projects] INFO  o.e.m.j.i.AbstractJavaProjectConfigurator - Adding source folder /client-portal-commons/src/main/java
2022-03-24 14:17:51,907 [Worker-0: Importing Maven projects] INFO  o.e.m.j.i.AbstractJavaProjectConfigurator - Adding resource folder /client-portal-commons/src/main/resources
2022-03-24 14:17:51,907 [Worker-0: Importing Maven projects] INFO  o.e.m.j.i.AbstractJavaProjectConfigurator - Adding resource folder /client-portal-commons/src/main/resources
2022-03-24 14:17:51,908 [Worker-0: Importing Maven projects] INFO  o.e.m.j.i.AbstractJavaProjectConfigurator - Adding source folder /client-portal-commons/src/test/java
2022-03-24 14:17:52,346 [Worker-0: Importing Maven projects] INFO  o.e.m.j.i.AbstractJavaProjectConfigurator - Adding source folder /client-portal-exceptions/src/main/java
2022-03-24 14:17:52,346 [Worker-0: Importing Maven projects] INFO  o.e.m.j.i.AbstractJavaProjectConfigurator - Adding source folder /client-portal-exceptions/src/test/java
2022-03-24 14:17:52,557 [Worker-0: Importing Maven projects] INFO  o.e.m.j.i.AbstractJavaProjectConfigurator - Adding source folder /client-portal-logging/src/main/java
2022-03-24 14:17:52,557 [Worker-0: Importing Maven projects] INFO  o.e.m.j.i.AbstractJavaProjectConfigurator - Adding resource folder /client-portal-logging/src/main/resources
2022-03-24 14:17:52,557 [Worker-0: Importing Maven projects] INFO  o.e.m.j.i.AbstractJavaProjectConfigurator - Adding resource folder /client-portal-logging/src/main/resources
2022-03-24 14:17:52,557 [Worker-0: Importing Maven projects] INFO  o.e.m.j.i.AbstractJavaProjectConfigurator - Adding source folder /client-portal-logging/src/test/java
2022-03-24 14:17:53,619 [Worker-0: Importing Maven projects] INFO  o.e.m.j.i.AbstractJavaProjectConfigurator - Adding source folder /client-portal-security/src/main/java
2022-03-24 14:17:53,619 [Worker-0: Importing Maven projects] INFO  o.e.m.j.i.AbstractJavaProjectConfigurator - Adding source folder /client-portal-security/src/test/java
2022-03-24 14:17:54,367 [Worker-0: Importing Maven projects] INFO  o.e.m.j.i.AbstractJavaProjectConfigurator - Adding source folder /cp-api-v2/src/main/java
2022-03-24 14:17:54,367 [Worker-0: Importing Maven projects] INFO  o.e.m.j.i.AbstractJavaProjectConfigurator - Adding resource folder /cp-api-v2/src/main/resources
2022-03-24 14:17:54,367 [Worker-0: Importing Maven projects] INFO  o.e.m.j.i.AbstractJavaProjectConfigurator - Adding resource folder /cp-api-v2/src/main/resources
2022-03-24 14:17:54,368 [Worker-0: Importing Maven projects] INFO  o.e.m.j.i.AbstractJavaProjectConfigurator - Adding source folder /cp-api-v2/src/test/java
2022-03-24 14:17:58,106 [Worker-0: Importing Maven projects] INFO  o.e.m.c.i.p.ProjectConfigurationManager - Imported and configured 7 project(s) in 22 sec
2022-03-24 14:18:01,452 [Worker-7: Building workspace] INFO  o.e.m.c.i.embedder.EclipseLogger - Using 'UTF-8' encoding to copy filtered resources.
2022-03-24 14:18:01,453 [Worker-7: Building workspace] INFO  o.e.m.c.i.embedder.EclipseLogger - skip non existing resourceDirectory D:\Client_Portal_Workspace\Client-Portal-API Production\Client-Portal-API Production\client-portal-exceptions\src\main\resources
2022-03-24 14:18:01,453 [Worker-7: Building workspace] INFO  o.e.m.c.i.embedder.EclipseLogger - skip non existing resourceDirectory D:\Client_Portal_Workspace\Client-Portal-API Production\Client-Portal-API Production\client-portal-exceptions\src\main\resources
2022-03-24 14:18:01,457 [Worker-7: Building workspace] INFO  o.e.m.c.i.embedder.EclipseLogger - Using 'UTF-8' encoding to copy filtered resources.
2022-03-24 14:18:01,457 [Worker-7: Building workspace] INFO  o.e.m.c.i.embedder.EclipseLogger - skip non existing resourceDirectory D:\Client_Portal_Workspace\Client-Portal-API Production\Client-Portal-API Production\client-portal-exceptions\src\test\resources
2022-03-24 14:18:02,428 [Worker-7: Building workspace] INFO  o.e.m.c.i.embedder.EclipseLogger - Using 'UTF-8' encoding to copy filtered resources.
2022-03-24 14:18:02,433 [Worker-7: Building workspace] INFO  o.e.m.c.i.embedder.EclipseLogger - Copying 0 resource
2022-03-24 14:18:02,434 [Worker-7: Building workspace] INFO  o.e.m.c.i.embedder.EclipseLogger - Copying 4 resources
2022-03-24 14:18:02,455 [Worker-7: Building workspace] INFO  o.e.m.c.i.embedder.EclipseLogger - Using 'UTF-8' encoding to copy filtered resources.
2022-03-24 14:18:02,455 [Worker-7: Building workspace] INFO  o.e.m.c.i.embedder.EclipseLogger - skip non existing resourceDirectory D:\Client_Portal_Workspace\Client-Portal-API Production\Client-Portal-API Production\client-portal-logging\src\test\resources
2022-03-24 14:18:05,041 [Worker-3: Building workspace] INFO  o.e.m.c.i.embedder.EclipseLogger - Using 'UTF-8' encoding to copy filtered resources.
2022-03-24 14:18:05,042 [Worker-3: Building workspace] INFO  o.e.m.c.i.embedder.EclipseLogger - Copying 0 resource
2022-03-24 14:18:05,043 [Worker-3: Building workspace] INFO  o.e.m.c.i.embedder.EclipseLogger - Copying 1 resource
2022-03-24 14:18:05,049 [Worker-3: Building workspace] INFO  o.e.m.c.i.embedder.EclipseLogger - Using 'UTF-8' encoding to copy filtered resources.
2022-03-24 14:18:05,050 [Worker-3: Building workspace] INFO  o.e.m.c.i.embedder.EclipseLogger - skip non existing resourceDirectory D:\Client_Portal_Workspace\Client-Portal-API Production\Client-Portal-API Production\client-portal-persistence\src\test\resources
2022-03-24 14:18:06,582 [Worker-3: Building workspace] INFO  o.e.m.c.i.p.WorkspaceClassifierResolverManager - Resolving P/client-portal-persistence: com.cp.clientportal:client-portal-persistence:0.0.1 with classifier  to /client-portal-persistence/target/classes
2022-03-24 14:18:06,637 [Worker-3: Building workspace] INFO  o.e.m.c.i.embedder.EclipseLogger - Using 'UTF-8' encoding to copy filtered resources.
2022-03-24 14:18:06,637 [Worker-3: Building workspace] INFO  o.e.m.c.i.embedder.EclipseLogger - Copying 0 resource
2022-03-24 14:18:06,638 [Worker-3: Building workspace] INFO  o.e.m.c.i.embedder.EclipseLogger - Copying 13 resources
2022-03-24 14:18:06,674 [Worker-3: Building workspace] INFO  o.e.m.c.i.embedder.EclipseLogger - Using 'UTF-8' encoding to copy filtered resources.
2022-03-24 14:18:06,674 [Worker-3: Building workspace] INFO  o.e.m.c.i.embedder.EclipseLogger - skip non existing resourceDirectory D:\Client_Portal_Workspace\Client-Portal-API Production\Client-Portal-API Production\client-portal-commons\src\test\resources
2022-03-24 14:18:07,555 [Worker-3: Building workspace] INFO  o.e.m.c.i.p.WorkspaceClassifierResolverManager - Resolving P/client-portal-persistence: com.cp.clientportal:client-portal-persistence:0.0.1 with classifier  to /client-portal-persistence/target/classes
2022-03-24 14:18:07,584 [Worker-3: Building workspace] INFO  o.e.m.c.i.embedder.EclipseLogger - Using 'UTF-8' encoding to copy filtered resources.
2022-03-24 14:18:07,584 [Worker-3: Building workspace] INFO  o.e.m.c.i.embedder.EclipseLogger - skip non existing resourceDirectory D:\Client_Portal_Workspace\Client-Portal-API Production\Client-Portal-API Production\client-portal-security\src\main\resources
2022-03-24 14:18:07,584 [Worker-3: Building workspace] INFO  o.e.m.c.i.embedder.EclipseLogger - skip non existing resourceDirectory D:\Client_Portal_Workspace\Client-Portal-API Production\Client-Portal-API Production\client-portal-security\src\main\resources
2022-03-24 14:18:07,586 [Worker-3: Building workspace] INFO  o.e.m.c.i.embedder.EclipseLogger - Using 'UTF-8' encoding to copy filtered resources.
2022-03-24 14:18:07,586 [Worker-3: Building workspace] INFO  o.e.m.c.i.embedder.EclipseLogger - skip non existing resourceDirectory D:\Client_Portal_Workspace\Client-Portal-API Production\Client-Portal-API Production\client-portal-security\src\test\resources
2022-03-24 14:18:10,509 [Worker-3: Building workspace] WARN  o.e.m.c.i.embedder.EclipseLogger - The artifact org.apache.commons:commons-io:jar:1.3.2 has been relocated to commons-io:commons-io:jar:1.3.2
2022-03-24 14:18:10,585 [Worker-3: Building workspace] INFO  o.e.m.c.i.p.WorkspaceClassifierResolverManager - Resolving P/client-portal-persistence: com.cp.clientportal:client-portal-persistence:0.0.1 with classifier  to /client-portal-persistence/target/classes
2022-03-24 14:18:10,639 [Worker-3: Building workspace] INFO  o.e.m.c.i.p.WorkspaceClassifierResolverManager - Resolving P/client-portal-commons: com.cp.clientportal:client-portal-commons:0.0.1 with classifier  to /client-portal-commons/target/classes
2022-03-24 14:18:10,653 [Worker-3: Building workspace] INFO  o.e.m.c.i.p.WorkspaceClassifierResolverManager - Resolving P/client-portal-security: com.cp.clientportal:client-portal-security:0.0.1 with classifier  to /client-portal-security/target/classes
2022-03-24 14:18:10,659 [Worker-3: Building workspace] INFO  o.e.m.c.i.p.WorkspaceClassifierResolverManager - Resolving P/client-portal-logging: com.cp.clientportal:client-portal-logging:0.0.1 with classifier  to /client-portal-logging/target/classes
2022-03-24 14:18:10,660 [Worker-3: Building workspace] INFO  o.e.m.c.i.p.WorkspaceClassifierResolverManager - Resolving P/client-portal-exceptions: com.cp.clientportal:client-portal-exceptions:0.0.1 with classifier  to /client-portal-exceptions/target/classes
2022-03-24 14:18:10,706 [Worker-3: Building workspace] INFO  o.e.m.c.i.embedder.EclipseLogger - Using 'UTF-8' encoding to copy filtered resources.
2022-03-24 14:18:10,707 [Worker-3: Building workspace] INFO  o.e.m.c.i.embedder.EclipseLogger - Copying 2 resources
2022-03-24 14:18:10,724 [Worker-3: Building workspace] INFO  o.e.m.c.i.embedder.EclipseLogger - Copying 10 resources
2022-03-24 14:18:10,754 [Worker-3: Building workspace] INFO  o.e.m.c.i.embedder.EclipseLogger - Using 'UTF-8' encoding to copy filtered resources.
2022-03-24 14:18:10,754 [Worker-3: Building workspace] INFO  o.e.m.c.i.embedder.EclipseLogger - skip non existing resourceDirectory D:\Client_Portal_Workspace\Client-Portal-API Production\Client-Portal-API Production\client-portal-api\src\test\resources
2022-03-24 14:22:11,384 [Worker-1: Loading available Gradle versions] INFO  o.e.b.c.i.u.g.PublishedGradleVersions - Gradle version information cache is up-to-date. Trying to read.
2022-03-24 15:05:38,341 [Worker-19: Check for devtools] WARN  o.e.m.c.i.embedder.EclipseLogger - The artifact org.apache.commons:commons-io:jar:1.3.2 has been relocated to commons-io:commons-io:jar:1.3.2
2022-03-24 15:05:38,463 [Worker-19: Check for devtools] INFO  o.e.m.c.i.p.WorkspaceClassifierResolverManager - Resolving P/client-portal-persistence: com.cp.clientportal:client-portal-persistence:0.0.1 with classifier  to /client-portal-persistence/target/classes
2022-03-24 15:05:38,560 [Worker-19: Check for devtools] INFO  o.e.m.c.i.p.WorkspaceClassifierResolverManager - Resolving P/client-portal-commons: com.cp.clientportal:client-portal-commons:0.0.1 with classifier  to /client-portal-commons/target/classes
2022-03-24 15:05:38,585 [Worker-19: Check for devtools] INFO  o.e.m.c.i.p.WorkspaceClassifierResolverManager - Resolving P/client-portal-security: com.cp.clientportal:client-portal-security:0.0.1 with classifier  to /client-portal-security/target/classes
2022-03-24 15:05:38,596 [Worker-19: Check for devtools] INFO  o.e.m.c.i.p.WorkspaceClassifierResolverManager - Resolving P/client-portal-logging: com.cp.clientportal:client-portal-logging:0.0.1 with classifier  to /client-portal-logging/target/classes
2022-03-24 15:05:38,599 [Worker-19: Check for devtools] INFO  o.e.m.c.i.p.WorkspaceClassifierResolverManager - Resolving P/client-portal-exceptions: com.cp.clientportal:client-portal-exceptions:0.0.1 with classifier  to /client-portal-exceptions/target/classes
2022-03-24 15:05:41,973 [main] INFO  o.e.m2e.actions.ExecutePomAction - Creating new launch configuration
2022-03-24 15:05:53,935 [Worker-20: Launching client-portal-api] INFO  o.e.m.i.launch.MavenLaunchDelegate - D:\Client_Portal_Workspace\Client-Portal-API Production\Client-Portal-API Production\client-portal-api
2022-03-24 15:05:53,935 [Worker-20: Launching client-portal-api] INFO  o.e.m.i.launch.MavenLaunchDelegate -  mvn -B clean install -Dstyle.color=always
2022-03-24 15:09:52,431 [Worker-21: Building workspace] INFO  o.e.m.c.i.embedder.EclipseLogger - Using 'UTF-8' encoding to copy filtered resources.
2022-03-24 15:09:52,431 [Worker-21: Building workspace] INFO  o.e.m.c.i.embedder.EclipseLogger - skip non existing resourceDirectory D:\Client_Portal_Workspace\Client-Portal-API Production\Client-Portal-API Production\client-portal-exceptions\src\main\resources
2022-03-24 15:09:52,431 [Worker-21: Building workspace] INFO  o.e.m.c.i.embedder.EclipseLogger - skip non existing resourceDirectory D:\Client_Portal_Workspace\Client-Portal-API Production\Client-Portal-API Production\client-portal-exceptions\src\main\resources
2022-03-24 15:09:52,434 [Worker-21: Building workspace] INFO  o.e.m.c.i.embedder.EclipseLogger - Using 'UTF-8' encoding to copy filtered resources.
2022-03-24 15:09:52,434 [Worker-21: Building workspace] INFO  o.e.m.c.i.embedder.EclipseLogger - skip non existing resourceDirectory D:\Client_Portal_Workspace\Client-Portal-API Production\Client-Portal-API Production\client-portal-exceptions\src\test\resources
2022-03-24 15:09:53,306 [Worker-21: Building workspace] INFO  o.e.m.c.i.embedder.EclipseLogger - Using 'UTF-8' encoding to copy filtered resources.
2022-03-24 15:09:53,312 [Worker-21: Building workspace] INFO  o.e.m.c.i.embedder.EclipseLogger - Copying 0 resource
2022-03-24 15:09:53,313 [Worker-21: Building workspace] INFO  o.e.m.c.i.embedder.EclipseLogger - Copying 4 resources
2022-03-24 15:09:53,319 [Worker-21: Building workspace] INFO  o.e.m.c.i.embedder.EclipseLogger - Using 'UTF-8' encoding to copy filtered resources.
2022-03-24 15:09:53,319 [Worker-21: Building workspace] INFO  o.e.m.c.i.embedder.EclipseLogger - skip non existing resourceDirectory D:\Client_Portal_Workspace\Client-Portal-API Production\Client-Portal-API Production\client-portal-logging\src\test\resources
2022-03-24 15:09:54,192 [Worker-21: Building workspace] INFO  o.e.m.c.i.embedder.EclipseLogger - Using 'UTF-8' encoding to copy filtered resources.
2022-03-24 15:09:54,193 [Worker-21: Building workspace] INFO  o.e.m.c.i.embedder.EclipseLogger - Copying 0 resource
2022-03-24 15:09:54,193 [Worker-21: Building workspace] INFO  o.e.m.c.i.embedder.EclipseLogger - Copying 1 resource
2022-03-24 15:09:54,196 [Worker-21: Building workspace] INFO  o.e.m.c.i.embedder.EclipseLogger - Using 'UTF-8' encoding to copy filtered resources.
2022-03-24 15:09:54,197 [Worker-21: Building workspace] INFO  o.e.m.c.i.embedder.EclipseLogger - skip non existing resourceDirectory D:\Client_Portal_Workspace\Client-Portal-API Production\Client-Portal-API Production\client-portal-persistence\src\test\resources
2022-03-24 15:09:55,720 [Worker-14: Building workspace] INFO  o.e.m.c.i.p.WorkspaceClassifierResolverManager - Resolving P/client-portal-persistence: com.cp.clientportal:client-portal-persistence:0.0.1 with classifier  to /client-portal-persistence/target/classes
2022-03-24 15:09:55,770 [Worker-14: Building workspace] INFO  o.e.m.c.i.embedder.EclipseLogger - Using 'UTF-8' encoding to copy filtered resources.
2022-03-24 15:09:55,771 [Worker-14: Building workspace] INFO  o.e.m.c.i.embedder.EclipseLogger - Copying 0 resource
2022-03-24 15:09:55,772 [Worker-14: Building workspace] INFO  o.e.m.c.i.embedder.EclipseLogger - Copying 13 resources
2022-03-24 15:09:55,775 [Worker-14: Building workspace] INFO  o.e.m.c.i.embedder.EclipseLogger - Using 'UTF-8' encoding to copy filtered resources.
2022-03-24 15:09:55,775 [Worker-14: Building workspace] INFO  o.e.m.c.i.embedder.EclipseLogger - skip non existing resourceDirectory D:\Client_Portal_Workspace\Client-Portal-API Production\Client-Portal-API Production\client-portal-commons\src\test\resources
2022-03-24 15:09:56,745 [Worker-14: Building workspace] INFO  o.e.m.c.i.p.WorkspaceClassifierResolverManager - Resolving P/client-portal-persistence: com.cp.clientportal:client-portal-persistence:0.0.1 with classifier  to /client-portal-persistence/target/classes
2022-03-24 15:09:56,786 [Worker-14: Building workspace] INFO  o.e.m.c.i.embedder.EclipseLogger - Using 'UTF-8' encoding to copy filtered resources.
2022-03-24 15:09:56,787 [Worker-14: Building workspace] INFO  o.e.m.c.i.embedder.EclipseLogger - skip non existing resourceDirectory D:\Client_Portal_Workspace\Client-Portal-API Production\Client-Portal-API Production\client-portal-security\src\main\resources
2022-03-24 15:09:56,787 [Worker-14: Building workspace] INFO  o.e.m.c.i.embedder.EclipseLogger - skip non existing resourceDirectory D:\Client_Portal_Workspace\Client-Portal-API Production\Client-Portal-API Production\client-portal-security\src\main\resources
2022-03-24 15:09:56,789 [Worker-14: Building workspace] INFO  o.e.m.c.i.embedder.EclipseLogger - Using 'UTF-8' encoding to copy filtered resources.
2022-03-24 15:09:56,789 [Worker-14: Building workspace] INFO  o.e.m.c.i.embedder.EclipseLogger - skip non existing resourceDirectory D:\Client_Portal_Workspace\Client-Portal-API Production\Client-Portal-API Production\client-portal-security\src\test\resources
2022-03-24 15:09:59,563 [Worker-14: Building workspace] WARN  o.e.m.c.i.embedder.EclipseLogger - The artifact org.apache.commons:commons-io:jar:1.3.2 has been relocated to commons-io:commons-io:jar:1.3.2
2022-03-24 15:09:59,703 [Worker-14: Building workspace] INFO  o.e.m.c.i.p.WorkspaceClassifierResolverManager - Resolving P/client-portal-persistence: com.cp.clientportal:client-portal-persistence:0.0.1 with classifier  to /client-portal-persistence/target/classes
2022-03-24 15:09:59,813 [Worker-14: Building workspace] INFO  o.e.m.c.i.p.WorkspaceClassifierResolverManager - Resolving P/client-portal-commons: com.cp.clientportal:client-portal-commons:0.0.1 with classifier  to /client-portal-commons/target/classes
2022-03-24 15:09:59,844 [Worker-14: Building workspace] INFO  o.e.m.c.i.p.WorkspaceClassifierResolverManager - Resolving P/client-portal-security: com.cp.clientportal:client-portal-security:0.0.1 with classifier  to /client-portal-security/target/classes
2022-03-24 15:09:59,856 [Worker-14: Building workspace] INFO  o.e.m.c.i.p.WorkspaceClassifierResolverManager - Resolving P/client-portal-logging: com.cp.clientportal:client-portal-logging:0.0.1 with classifier  to /client-portal-logging/target/classes
2022-03-24 15:09:59,859 [Worker-14: Building workspace] INFO  o.e.m.c.i.p.WorkspaceClassifierResolverManager - Resolving P/client-portal-exceptions: com.cp.clientportal:client-portal-exceptions:0.0.1 with classifier  to /client-portal-exceptions/target/classes
2022-03-24 15:09:59,968 [Worker-14: Building workspace] INFO  o.e.m.c.i.embedder.EclipseLogger - Using 'UTF-8' encoding to copy filtered resources.
2022-03-24 15:09:59,969 [Worker-14: Building workspace] INFO  o.e.m.c.i.embedder.EclipseLogger - Copying 2 resources
2022-03-24 15:10:00,008 [Worker-14: Building workspace] INFO  o.e.m.c.i.embedder.EclipseLogger - Copying 10 resources
2022-03-24 15:10:00,014 [Worker-14: Building workspace] INFO  o.e.m.c.i.embedder.EclipseLogger - Using 'UTF-8' encoding to copy filtered resources.
2022-03-24 15:10:00,014 [Worker-14: Building workspace] INFO  o.e.m.c.i.embedder.EclipseLogger - skip non existing resourceDirectory D:\Client_Portal_Workspace\Client-Portal-API Production\Client-Portal-API Production\client-portal-api\src\test\resources
2022-03-24 15:10:21,222 [Worker-18: Building workspace] INFO  o.e.m.c.i.embedder.EclipseLogger - Using 'UTF-8' encoding to copy filtered resources.
2022-03-24 15:10:21,230 [Worker-18: Building workspace] INFO  o.e.m.c.i.embedder.EclipseLogger - Copying 2 resources
2022-03-24 15:10:21,263 [Worker-18: Building workspace] INFO  o.e.m.c.i.embedder.EclipseLogger - Copying 10 resources
2022-03-24 15:10:21,330 [Worker-18: Building workspace] INFO  o.e.m.c.i.embedder.EclipseLogger - Using 'UTF-8' encoding to copy filtered resources.
2022-03-24 15:10:21,331 [Worker-18: Building workspace] INFO  o.e.m.c.i.embedder.EclipseLogger - skip non existing resourceDirectory D:\Client_Portal_Workspace\Client-Portal-API Production\Client-Portal-API Production\client-portal-api\src\test\resources
2022-03-24 15:10:35,661 [main] INFO  o.e.m2e.actions.ExecutePomAction - Creating new launch configuration
2022-03-24 15:10:45,636 [Worker-23: Launching client-portal-api (1)] INFO  o.e.m.i.launch.MavenLaunchDelegate - D:\Client_Portal_Workspace\Client-Portal-API Production\Client-Portal-API Production\client-portal-api
2022-03-24 15:10:45,636 [Worker-23: Launching client-portal-api (1)] INFO  o.e.m.i.launch.MavenLaunchDelegate -  mvn -B clean install -Dstyle.color=always
2022-03-24 15:11:29,516 [Worker-22: Building workspace] INFO  o.e.m.c.i.embedder.EclipseLogger - Using 'UTF-8' encoding to copy filtered resources.
2022-03-24 15:11:29,517 [Worker-22: Building workspace] INFO  o.e.m.c.i.embedder.EclipseLogger - Copying 0 resource
2022-03-24 15:11:29,517 [Worker-22: Building workspace] INFO  o.e.m.c.i.embedder.EclipseLogger - Copying 0 resource
2022-03-24 15:11:29,521 [Worker-22: Building workspace] INFO  o.e.m.c.i.embedder.EclipseLogger - Using 'UTF-8' encoding to copy filtered resources.
2022-03-24 15:11:29,521 [Worker-22: Building workspace] INFO  o.e.m.c.i.embedder.EclipseLogger - skip non existing resourceDirectory D:\Client_Portal_Workspace\Client-Portal-API Production\Client-Portal-API Production\client-portal-api\src\test\resources
2022-03-25 11:02:29,012 [Worker-6: Loading available Gradle versions] INFO  o.e.b.c.i.u.g.PublishedGradleVersions - Gradle version information cache is up-to-date. Trying to read.
2022-03-28 09:56:18,363 [Worker-2: Loading available Gradle versions] INFO  o.e.b.c.i.u.g.PublishedGradleVersions - Gradle version information cache is out-of-date. Trying to update.
2022-03-28 09:56:29,355 [Worker-7: Building workspace] INFO  o.e.m.c.i.embedder.EclipseLogger - Using 'UTF-8' encoding to copy filtered resources.
2022-03-28 09:56:29,357 [Worker-7: Building workspace] INFO  o.e.m.c.i.embedder.EclipseLogger - skip non existing resourceDirectory D:\Client_Portal_Workspace\Client-Portal-API Production\Client-Portal-API Production\client-portal-exceptions\src\main\resources
2022-03-28 09:56:29,357 [Worker-7: Building workspace] INFO  o.e.m.c.i.embedder.EclipseLogger - skip non existing resourceDirectory D:\Client_Portal_Workspace\Client-Portal-API Production\Client-Portal-API Production\client-portal-exceptions\src\main\resources
2022-03-28 09:56:29,363 [Worker-7: Building workspace] INFO  o.e.m.c.i.embedder.EclipseLogger - Using 'UTF-8' encoding to copy filtered resources.
2022-03-28 09:56:29,363 [Worker-7: Building workspace] INFO  o.e.m.c.i.embedder.EclipseLogger - skip non existing resourceDirectory D:\Client_Portal_Workspace\Client-Portal-API Production\Client-Portal-API Production\client-portal-exceptions\src\test\resources
2022-03-28 09:56:31,913 [Worker-2: Building workspace] INFO  o.e.m.c.i.embedder.EclipseLogger - Using 'UTF-8' encoding to copy filtered resources.
2022-03-28 09:56:31,925 [Worker-2: Building workspace] INFO  o.e.m.c.i.embedder.EclipseLogger - Copying 0 resource
2022-03-28 09:56:31,928 [Worker-2: Building workspace] INFO  o.e.m.c.i.embedder.EclipseLogger - Copying 4 resources
2022-03-28 09:56:31,966 [Worker-2: Building workspace] INFO  o.e.m.c.i.embedder.EclipseLogger - Using 'UTF-8' encoding to copy filtered resources.
2022-03-28 09:56:31,967 [Worker-2: Building workspace] INFO  o.e.m.c.i.embedder.EclipseLogger - skip non existing resourceDirectory D:\Client_Portal_Workspace\Client-Portal-API Production\Client-Portal-API Production\client-portal-logging\src\test\resources
2022-03-28 09:56:40,707 [Worker-2: Building workspace] INFO  o.e.m.c.i.embedder.EclipseLogger - Using 'UTF-8' encoding to copy filtered resources.
2022-03-28 09:56:40,708 [Worker-2: Building workspace] INFO  o.e.m.c.i.embedder.EclipseLogger - Copying 0 resource
2022-03-28 09:56:40,709 [Worker-2: Building workspace] INFO  o.e.m.c.i.embedder.EclipseLogger - Copying 1 resource
2022-03-28 09:56:40,718 [Worker-2: Building workspace] INFO  o.e.m.c.i.embedder.EclipseLogger - Using 'UTF-8' encoding to copy filtered resources.
2022-03-28 09:56:40,718 [Worker-2: Building workspace] INFO  o.e.m.c.i.embedder.EclipseLogger - skip non existing resourceDirectory D:\Client_Portal_Workspace\Client-Portal-API Production\Client-Portal-API Production\client-portal-persistence\src\test\resources
2022-03-28 09:56:43,405 [Worker-2: Building workspace] INFO  o.e.m.c.i.p.WorkspaceClassifierResolverManager - Resolving P/client-portal-persistence: com.cp.clientportal:client-portal-persistence:0.0.1 with classifier  to /client-portal-persistence/target/classes
2022-03-28 09:56:43,643 [Worker-2: Building workspace] INFO  o.e.m.c.i.embedder.EclipseLogger - Using 'UTF-8' encoding to copy filtered resources.
2022-03-28 09:56:43,644 [Worker-2: Building workspace] INFO  o.e.m.c.i.embedder.EclipseLogger - Copying 0 resource
2022-03-28 09:56:43,646 [Worker-2: Building workspace] INFO  o.e.m.c.i.embedder.EclipseLogger - Copying 13 resources
2022-03-28 09:56:43,722 [Worker-2: Building workspace] INFO  o.e.m.c.i.embedder.EclipseLogger - Using 'UTF-8' encoding to copy filtered resources.
2022-03-28 09:56:43,722 [Worker-2: Building workspace] INFO  o.e.m.c.i.embedder.EclipseLogger - skip non existing resourceDirectory D:\Client_Portal_Workspace\Client-Portal-API Production\Client-Portal-API Production\client-portal-commons\src\test\resources
2022-03-28 09:56:46,065 [Worker-2: Building workspace] INFO  o.e.m.c.i.p.WorkspaceClassifierResolverManager - Resolving P/client-portal-persistence: com.cp.clientportal:client-portal-persistence:0.0.1 with classifier  to /client-portal-persistence/target/classes
2022-03-28 09:56:46,142 [Worker-2: Building workspace] INFO  o.e.m.c.i.embedder.EclipseLogger - Using 'UTF-8' encoding to copy filtered resources.
2022-03-28 09:56:46,142 [Worker-2: Building workspace] INFO  o.e.m.c.i.embedder.EclipseLogger - skip non existing resourceDirectory D:\Client_Portal_Workspace\Client-Portal-API Production\Client-Portal-API Production\client-portal-security\src\main\resources
2022-03-28 09:56:46,142 [Worker-2: Building workspace] INFO  o.e.m.c.i.embedder.EclipseLogger - skip non existing resourceDirectory D:\Client_Portal_Workspace\Client-Portal-API Production\Client-Portal-API Production\client-portal-security\src\main\resources
2022-03-28 09:56:46,146 [Worker-2: Building workspace] INFO  o.e.m.c.i.embedder.EclipseLogger - Using 'UTF-8' encoding to copy filtered resources.
2022-03-28 09:56:46,146 [Worker-2: Building workspace] INFO  o.e.m.c.i.embedder.EclipseLogger - skip non existing resourceDirectory D:\Client_Portal_Workspace\Client-Portal-API Production\Client-Portal-API Production\client-portal-security\src\test\resources
2022-03-28 09:56:55,649 [Worker-2: Building workspace] WARN  o.e.m.c.i.embedder.EclipseLogger - The artifact org.apache.commons:commons-io:jar:1.3.2 has been relocated to commons-io:commons-io:jar:1.3.2
2022-03-28 09:56:55,907 [Worker-2: Building workspace] INFO  o.e.m.c.i.p.WorkspaceClassifierResolverManager - Resolving P/client-portal-persistence: com.cp.clientportal:client-portal-persistence:0.0.1 with classifier  to /client-portal-persistence/target/classes
2022-03-28 09:56:56,136 [Worker-2: Building workspace] INFO  o.e.m.c.i.p.WorkspaceClassifierResolverManager - Resolving P/client-portal-commons: com.cp.clientportal:client-portal-commons:0.0.1 with classifier  to /client-portal-commons/target/classes
2022-03-28 09:56:56,185 [Worker-2: Building workspace] INFO  o.e.m.c.i.p.WorkspaceClassifierResolverManager - Resolving P/client-portal-security: com.cp.clientportal:client-portal-security:0.0.1 with classifier  to /client-portal-security/target/classes
2022-03-28 09:56:56,205 [Worker-2: Building workspace] INFO  o.e.m.c.i.p.WorkspaceClassifierResolverManager - Resolving P/client-portal-logging: com.cp.clientportal:client-portal-logging:0.0.1 with classifier  to /client-portal-logging/target/classes
2022-03-28 09:56:56,209 [Worker-2: Building workspace] INFO  o.e.m.c.i.p.WorkspaceClassifierResolverManager - Resolving P/client-portal-exceptions: com.cp.clientportal:client-portal-exceptions:0.0.1 with classifier  to /client-portal-exceptions/target/classes
2022-03-28 09:56:56,389 [Worker-2: Building workspace] INFO  o.e.m.c.i.embedder.EclipseLogger - Using 'UTF-8' encoding to copy filtered resources.
2022-03-28 09:56:56,390 [Worker-2: Building workspace] INFO  o.e.m.c.i.embedder.EclipseLogger - Copying 2 resources
2022-03-28 09:56:56,442 [Worker-2: Building workspace] INFO  o.e.m.c.i.embedder.EclipseLogger - Copying 10 resources
2022-03-28 09:56:56,504 [Worker-2: Building workspace] INFO  o.e.m.c.i.embedder.EclipseLogger - Using 'UTF-8' encoding to copy filtered resources.
2022-03-28 09:56:56,505 [Worker-2: Building workspace] INFO  o.e.m.c.i.embedder.EclipseLogger - skip non existing resourceDirectory D:\Client_Portal_Workspace\Client-Portal-API Production\Client-Portal-API Production\client-portal-api\src\test\resources
2022-03-28 09:57:08,877 [Worker-8: Building workspace] INFO  o.e.m.c.i.embedder.EclipseLogger - Using 'UTF-8' encoding to copy filtered resources.
2022-03-28 09:57:08,879 [Worker-8: Building workspace] INFO  o.e.m.c.i.embedder.EclipseLogger - Copying 0 resource
2022-03-28 09:57:08,879 [Worker-8: Building workspace] INFO  o.e.m.c.i.embedder.EclipseLogger - Copying 0 resource
2022-03-28 09:57:08,882 [Worker-8: Building workspace] INFO  o.e.m.c.i.embedder.EclipseLogger - Using 'UTF-8' encoding to copy filtered resources.
2022-03-28 09:57:08,882 [Worker-8: Building workspace] INFO  o.e.m.c.i.embedder.EclipseLogger - skip non existing resourceDirectory D:\Client_Portal_Workspace\Client-Portal-API Production\Client-Portal-API Production\client-portal-api\src\test\resources
2022-03-28 17:54:10,225 [Worker-15: Launching ApiApplication] INFO  o.e.m.c.i.p.WorkspaceClassifierResolverManager - Resolving P/client-portal-persistence: com.cp.clientportal:client-portal-persistence:0.0.1 with classifier null to /client-portal-persistence/target/classes
2022-03-28 17:54:10,232 [Worker-15: Launching ApiApplication] INFO  o.e.m.c.i.p.WorkspaceClassifierResolverManager - Resolving P/client-portal-commons: com.cp.clientportal:client-portal-commons:0.0.1 with classifier null to /client-portal-commons/target/classes
2022-03-28 17:54:10,232 [Worker-15: Launching ApiApplication] INFO  o.e.m.c.i.p.WorkspaceClassifierResolverManager - Resolving P/client-portal-security: com.cp.clientportal:client-portal-security:0.0.1 with classifier null to /client-portal-security/target/classes
2022-03-28 17:54:10,233 [Worker-15: Launching ApiApplication] INFO  o.e.m.c.i.p.WorkspaceClassifierResolverManager - Resolving P/client-portal-logging: com.cp.clientportal:client-portal-logging:0.0.1 with classifier null to /client-portal-logging/target/classes
2022-03-28 17:54:10,233 [Worker-15: Launching ApiApplication] INFO  o.e.m.c.i.p.WorkspaceClassifierResolverManager - Resolving P/client-portal-exceptions: com.cp.clientportal:client-portal-exceptions:0.0.1 with classifier null to /client-portal-exceptions/target/classes
2022-03-29 11:07:22,344 [Worker-2: Loading available Gradle versions] INFO  o.e.b.c.i.u.g.PublishedGradleVersions - Gradle version information cache is out-of-date. Trying to update.
2022-03-29 17:30:24,001 [Worker-3: Loading available Gradle versions] INFO  o.e.b.c.i.u.g.PublishedGradleVersions - Gradle version information cache is up-to-date. Trying to read.
2022-03-29 17:39:30,971 [Worker-2: Loading available Gradle versions] INFO  o.e.b.c.i.u.g.PublishedGradleVersions - Gradle version information cache is up-to-date. Trying to read.
2022-03-29 17:39:41,140 [Worker-5: Building workspace] WARN  o.e.m.c.i.embedder.EclipseLogger - The artifact org.apache.commons:commons-io:jar:1.3.2 has been relocated to commons-io:commons-io:jar:1.3.2
2022-03-29 17:39:41,322 [Worker-5: Building workspace] INFO  o.e.m.c.i.p.WorkspaceClassifierResolverManager - Resolving P/client-portal-persistence: com.cp.clientportal:client-portal-persistence:0.0.1 with classifier  to /client-portal-persistence/target/classes
2022-03-29 17:39:41,430 [Worker-5: Building workspace] INFO  o.e.m.c.i.p.WorkspaceClassifierResolverManager - Resolving P/client-portal-commons: com.cp.clientportal:client-portal-commons:0.0.1 with classifier  to /client-portal-commons/target/classes
2022-03-29 17:39:41,458 [Worker-5: Building workspace] INFO  o.e.m.c.i.p.WorkspaceClassifierResolverManager - Resolving P/client-portal-security: com.cp.clientportal:client-portal-security:0.0.1 with classifier  to /client-portal-security/target/classes
2022-03-29 17:39:41,473 [Worker-5: Building workspace] INFO  o.e.m.c.i.p.WorkspaceClassifierResolverManager - Resolving P/client-portal-logging: com.cp.clientportal:client-portal-logging:0.0.1 with classifier  to /client-portal-logging/target/classes
2022-03-29 17:39:41,475 [Worker-5: Building workspace] INFO  o.e.m.c.i.p.WorkspaceClassifierResolverManager - Resolving P/client-portal-exceptions: com.cp.clientportal:client-portal-exceptions:0.0.1 with classifier  to /client-portal-exceptions/target/classes
2022-03-29 17:39:42,148 [Worker-5: Building workspace] INFO  o.e.m.c.i.embedder.EclipseLogger - Using 'UTF-8' encoding to copy filtered resources.
2022-03-29 17:39:42,154 [Worker-5: Building workspace] INFO  o.e.m.c.i.embedder.EclipseLogger - Copying 2 resources
2022-03-29 17:39:42,191 [Worker-5: Building workspace] INFO  o.e.m.c.i.embedder.EclipseLogger - Copying 10 resources
2022-03-29 17:39:42,201 [Worker-5: Building workspace] INFO  o.e.m.c.i.embedder.EclipseLogger - Using 'UTF-8' encoding to copy filtered resources.
2022-03-29 17:39:42,202 [Worker-5: Building workspace] INFO  o.e.m.c.i.embedder.EclipseLogger - skip non existing resourceDirectory D:\Client_Portal_Workspace\Client-Portal-API Production\Client-Portal-API Production\client-portal-api\src\test\resources
2022-03-30 10:20:30,748 [Worker-5: Building workspace] WARN  o.e.m.c.i.embedder.EclipseLogger - The artifact org.apache.commons:commons-io:jar:1.3.2 has been relocated to commons-io:commons-io:jar:1.3.2
2022-03-30 10:20:30,895 [Worker-5: Building workspace] INFO  o.e.m.c.i.p.WorkspaceClassifierResolverManager - Resolving P/client-portal-persistence: com.cp.clientportal:client-portal-persistence:0.0.1 with classifier  to /client-portal-persistence/target/classes
2022-03-30 10:20:30,997 [Worker-5: Building workspace] INFO  o.e.m.c.i.p.WorkspaceClassifierResolverManager - Resolving P/client-portal-commons: com.cp.clientportal:client-portal-commons:0.0.1 with classifier  to /client-portal-commons/target/classes
2022-03-30 10:20:31,027 [Worker-5: Building workspace] INFO  o.e.m.c.i.p.WorkspaceClassifierResolverManager - Resolving P/client-portal-security: com.cp.clientportal:client-portal-security:0.0.1 with classifier  to /client-portal-security/target/classes
2022-03-30 10:20:31,038 [Worker-5: Building workspace] INFO  o.e.m.c.i.p.WorkspaceClassifierResolverManager - Resolving P/client-portal-logging: com.cp.clientportal:client-portal-logging:0.0.1 with classifier  to /client-portal-logging/target/classes
2022-03-30 10:20:31,040 [Worker-5: Building workspace] INFO  o.e.m.c.i.p.WorkspaceClassifierResolverManager - Resolving P/client-portal-exceptions: com.cp.clientportal:client-portal-exceptions:0.0.1 with classifier  to /client-portal-exceptions/target/classes
2022-03-30 10:20:31,681 [Worker-5: Building workspace] INFO  o.e.m.c.i.embedder.EclipseLogger - Using 'UTF-8' encoding to copy filtered resources.
2022-03-30 10:20:31,688 [Worker-5: Building workspace] INFO  o.e.m.c.i.embedder.EclipseLogger - Copying 2 resources
2022-03-30 10:20:31,720 [Worker-5: Building workspace] INFO  o.e.m.c.i.embedder.EclipseLogger - Copying 10 resources
2022-03-30 10:20:31,728 [Worker-5: Building workspace] INFO  o.e.m.c.i.embedder.EclipseLogger - Using 'UTF-8' encoding to copy filtered resources.
2022-03-30 10:20:31,729 [Worker-5: Building workspace] INFO  o.e.m.c.i.embedder.EclipseLogger - skip non existing resourceDirectory D:\Client_Portal_Workspace\Client-Portal-API Production\Client-Portal-API Production\client-portal-api\src\test\resources
2022-03-30 11:16:21,523 [Worker-8: Loading available Gradle versions] INFO  o.e.b.c.i.u.g.PublishedGradleVersions - Gradle version information cache is out-of-date. Trying to update.
2022-03-31 10:46:34,048 [Worker-3: Loading available Gradle versions] INFO  o.e.b.c.i.u.g.PublishedGradleVersions - Gradle version information cache is up-to-date. Trying to read.
2022-04-04 11:01:37,685 [Worker-1: Loading available Gradle versions] INFO  o.e.b.c.i.u.g.PublishedGradleVersions - Gradle version information cache is out-of-date. Trying to update.
2022-04-05 09:56:52,372 [Worker-3: Loading available Gradle versions] INFO  o.e.b.c.i.u.g.PublishedGradleVersions - Gradle version information cache is up-to-date. Trying to read.
2022-04-06 09:59:25,284 [Worker-5: Loading available Gradle versions] INFO  o.e.b.c.i.u.g.PublishedGradleVersions - Gradle version information cache is up-to-date. Trying to read.
2022-04-08 15:46:20,937 [Worker-7: Building workspace] INFO  o.e.m.c.i.embedder.EclipseLogger - Using 'UTF-8' encoding to copy filtered resources.
2022-04-08 15:46:20,943 [Worker-7: Building workspace] INFO  o.e.m.c.i.embedder.EclipseLogger - skip non existing resourceDirectory D:\Client_Portal_Workspace\Client-Portal-API Production\Client-Portal-API Production\client-portal-exceptions\src\main\resources
2022-04-08 15:46:20,943 [Worker-7: Building workspace] INFO  o.e.m.c.i.embedder.EclipseLogger - skip non existing resourceDirectory D:\Client_Portal_Workspace\Client-Portal-API Production\Client-Portal-API Production\client-portal-exceptions\src\main\resources
2022-04-08 15:46:20,947 [Worker-7: Building workspace] INFO  o.e.m.c.i.embedder.EclipseLogger - Using 'UTF-8' encoding to copy filtered resources.
2022-04-08 15:46:20,947 [Worker-7: Building workspace] INFO  o.e.m.c.i.embedder.EclipseLogger - skip non existing resourceDirectory D:\Client_Portal_Workspace\Client-Portal-API Production\Client-Portal-API Production\client-portal-exceptions\src\test\resources
2022-04-08 15:46:22,480 [Worker-6: Building workspace] INFO  o.e.m.c.i.embedder.EclipseLogger - Using 'UTF-8' encoding to copy filtered resources.
2022-04-08 15:46:22,486 [Worker-6: Building workspace] INFO  o.e.m.c.i.embedder.EclipseLogger - Copying 0 resource
2022-04-08 15:46:22,487 [Worker-6: Building workspace] INFO  o.e.m.c.i.embedder.EclipseLogger - Copying 4 resources
2022-04-08 15:46:22,509 [Worker-6: Building workspace] INFO  o.e.m.c.i.embedder.EclipseLogger - Using 'UTF-8' encoding to copy filtered resources.
2022-04-08 15:46:22,509 [Worker-6: Building workspace] INFO  o.e.m.c.i.embedder.EclipseLogger - skip non existing resourceDirectory D:\Client_Portal_Workspace\Client-Portal-API Production\Client-Portal-API Production\client-portal-logging\src\test\resources
2022-04-08 15:46:26,120 [Worker-6: Building workspace] INFO  o.e.m.c.i.embedder.EclipseLogger - Using 'UTF-8' encoding to copy filtered resources.
2022-04-08 15:46:26,121 [Worker-6: Building workspace] INFO  o.e.m.c.i.embedder.EclipseLogger - Copying 0 resource
2022-04-08 15:46:26,121 [Worker-6: Building workspace] INFO  o.e.m.c.i.embedder.EclipseLogger - Copying 1 resource
2022-04-08 15:46:26,128 [Worker-6: Building workspace] INFO  o.e.m.c.i.embedder.EclipseLogger - Using 'UTF-8' encoding to copy filtered resources.
2022-04-08 15:46:26,128 [Worker-6: Building workspace] INFO  o.e.m.c.i.embedder.EclipseLogger - skip non existing resourceDirectory D:\Client_Portal_Workspace\Client-Portal-API Production\Client-Portal-API Production\client-portal-persistence\src\test\resources
2022-04-08 15:46:27,542 [Worker-6: Building workspace] INFO  o.e.m.c.i.p.WorkspaceClassifierResolverManager - Resolving P/client-portal-persistence: com.cp.clientportal:client-portal-persistence:0.0.1 with classifier  to /client-portal-persistence/target/classes
2022-04-08 15:46:27,636 [Worker-6: Building workspace] INFO  o.e.m.c.i.embedder.EclipseLogger - Using 'UTF-8' encoding to copy filtered resources.
2022-04-08 15:46:27,637 [Worker-6: Building workspace] INFO  o.e.m.c.i.embedder.EclipseLogger - Copying 0 resource
2022-04-08 15:46:27,638 [Worker-6: Building workspace] INFO  o.e.m.c.i.embedder.EclipseLogger - Copying 13 resources
2022-04-08 15:46:27,722 [Worker-6: Building workspace] INFO  o.e.m.c.i.embedder.EclipseLogger - Using 'UTF-8' encoding to copy filtered resources.
2022-04-08 15:46:27,722 [Worker-6: Building workspace] INFO  o.e.m.c.i.embedder.EclipseLogger - skip non existing resourceDirectory D:\Client_Portal_Workspace\Client-Portal-API Production\Client-Portal-API Production\client-portal-commons\src\test\resources
2022-04-08 15:46:28,934 [Worker-6: Building workspace] INFO  o.e.m.c.i.p.WorkspaceClassifierResolverManager - Resolving P/client-portal-persistence: com.cp.clientportal:client-portal-persistence:0.0.1 with classifier  to /client-portal-persistence/target/classes
2022-04-08 15:46:28,966 [Worker-6: Building workspace] INFO  o.e.m.c.i.embedder.EclipseLogger - Using 'UTF-8' encoding to copy filtered resources.
2022-04-08 15:46:28,966 [Worker-6: Building workspace] INFO  o.e.m.c.i.embedder.EclipseLogger - skip non existing resourceDirectory D:\Client_Portal_Workspace\Client-Portal-API Production\Client-Portal-API Production\client-portal-security\src\main\resources
2022-04-08 15:46:28,966 [Worker-6: Building workspace] INFO  o.e.m.c.i.embedder.EclipseLogger - skip non existing resourceDirectory D:\Client_Portal_Workspace\Client-Portal-API Production\Client-Portal-API Production\client-portal-security\src\main\resources
2022-04-08 15:46:28,969 [Worker-6: Building workspace] INFO  o.e.m.c.i.embedder.EclipseLogger - Using 'UTF-8' encoding to copy filtered resources.
2022-04-08 15:46:28,969 [Worker-6: Building workspace] INFO  o.e.m.c.i.embedder.EclipseLogger - skip non existing resourceDirectory D:\Client_Portal_Workspace\Client-Portal-API Production\Client-Portal-API Production\client-portal-security\src\test\resources
2022-04-08 15:46:32,723 [Worker-6: Building workspace] WARN  o.e.m.c.i.embedder.EclipseLogger - The artifact org.apache.commons:commons-io:jar:1.3.2 has been relocated to commons-io:commons-io:jar:1.3.2
2022-04-08 15:46:32,838 [Worker-6: Building workspace] INFO  o.e.m.c.i.p.WorkspaceClassifierResolverManager - Resolving P/client-portal-persistence: com.cp.clientportal:client-portal-persistence:0.0.1 with classifier  to /client-portal-persistence/target/classes
2022-04-08 15:46:32,921 [Worker-6: Building workspace] INFO  o.e.m.c.i.p.WorkspaceClassifierResolverManager - Resolving P/client-portal-commons: com.cp.clientportal:client-portal-commons:0.0.1 with classifier  to /client-portal-commons/target/classes
2022-04-08 15:46:32,935 [Worker-6: Building workspace] INFO  o.e.m.c.i.p.WorkspaceClassifierResolverManager - Resolving P/client-portal-security: com.cp.clientportal:client-portal-security:0.0.1 with classifier  to /client-portal-security/target/classes
2022-04-08 15:46:32,942 [Worker-6: Building workspace] INFO  o.e.m.c.i.p.WorkspaceClassifierResolverManager - Resolving P/client-portal-logging: com.cp.clientportal:client-portal-logging:0.0.1 with classifier  to /client-portal-logging/target/classes
2022-04-08 15:46:32,943 [Worker-6: Building workspace] INFO  o.e.m.c.i.p.WorkspaceClassifierResolverManager - Resolving P/client-portal-exceptions: com.cp.clientportal:client-portal-exceptions:0.0.1 with classifier  to /client-portal-exceptions/target/classes
2022-04-08 15:46:33,023 [Worker-6: Building workspace] INFO  o.e.m.c.i.embedder.EclipseLogger - Using 'UTF-8' encoding to copy filtered resources.
2022-04-08 15:46:33,024 [Worker-6: Building workspace] INFO  o.e.m.c.i.embedder.EclipseLogger - Copying 2 resources
2022-04-08 15:46:33,045 [Worker-6: Building workspace] INFO  o.e.m.c.i.embedder.EclipseLogger - Copying 10 resources
2022-04-08 15:46:33,080 [Worker-6: Building workspace] INFO  o.e.m.c.i.embedder.EclipseLogger - Using 'UTF-8' encoding to copy filtered resources.
2022-04-08 15:46:33,080 [Worker-6: Building workspace] INFO  o.e.m.c.i.embedder.EclipseLogger - skip non existing resourceDirectory D:\Client_Portal_Workspace\Client-Portal-API Production\Client-Portal-API Production\client-portal-api\src\test\resources
2022-04-08 15:46:47,665 [Worker-4: Building workspace] INFO  o.e.m.c.i.embedder.EclipseLogger - Using 'UTF-8' encoding to copy filtered resources.
2022-04-08 15:46:47,666 [Worker-4: Building workspace] INFO  o.e.m.c.i.embedder.EclipseLogger - Copying 0 resource
2022-04-08 15:46:47,667 [Worker-4: Building workspace] INFO  o.e.m.c.i.embedder.EclipseLogger - Copying 0 resource
2022-04-08 15:46:47,669 [Worker-4: Building workspace] INFO  o.e.m.c.i.embedder.EclipseLogger - Using 'UTF-8' encoding to copy filtered resources.
2022-04-08 15:46:47,669 [Worker-4: Building workspace] INFO  o.e.m.c.i.embedder.EclipseLogger - skip non existing resourceDirectory D:\Client_Portal_Workspace\Client-Portal-API Production\Client-Portal-API Production\client-portal-api\src\test\resources
2022-04-11 10:18:39,727 [Worker-9: Loading available Gradle versions] INFO  o.e.b.c.i.u.g.PublishedGradleVersions - Gradle version information cache is up-to-date. Trying to read.
2022-04-12 09:39:06,374 [Worker-2: Loading available Gradle versions] INFO  o.e.b.c.i.u.g.PublishedGradleVersions - Gradle version information cache is up-to-date. Trying to read.
2022-04-12 16:26:59,172 [Worker-1: Loading available Gradle versions] INFO  o.e.b.c.i.u.g.PublishedGradleVersions - Gradle version information cache is up-to-date. Trying to read.
2022-04-13 10:36:30,250 [Worker-3: Loading available Gradle versions] INFO  o.e.b.c.i.u.g.PublishedGradleVersions - Gradle version information cache is up-to-date. Trying to read.
